
LED-Matrix.elf:     file format elf32-littleriscv
LED-Matrix.elf
architecture: riscv:rv32, flags 0x00000112:
EXEC_P, HAS_SYMS, D_PAGED
start address 0x00000000

Program Header:
    LOAD off    0x00001000 vaddr 0x00000000 paddr 0x00000000 align 2**12
         filesz 0x00001140 memsz 0x00001140 flags rwx
    LOAD off    0x00003000 vaddr 0x20000000 paddr 0x00001140 align 2**12
         filesz 0x00000000 memsz 0x00000628 flags rw-
    LOAD off    0x00002700 vaddr 0x20000700 paddr 0x20000700 align 2**12
         filesz 0x00000000 memsz 0x00000100 flags rw-

Sections:
Idx Name          Size      VMA       LMA       File off  Algn
  0 .init         000000a0  00000000  00000000  00001000  2**2
                  CONTENTS, ALLOC, LOAD, READONLY, CODE
  1 .text         00001098  000000a0  000000a0  000010a0  2**3
                  CONTENTS, ALLOC, LOAD, READONLY, CODE
  2 .fini         00000000  00001138  00001140  00002140  2**0
                  CONTENTS, ALLOC, LOAD, CODE
  3 .init_array   00000008  00001138  00001138  00002138  2**2
                  CONTENTS, ALLOC, LOAD, DATA
  4 .dalign       00000000  20000000  20000000  00002140  2**0
                  CONTENTS
  5 .dlalign      00000000  00001140  00001140  00002140  2**0
                  CONTENTS
  6 .data         00000000  20000000  20000000  00002140  2**0
                  CONTENTS, ALLOC, LOAD, DATA
  7 .bss          00000628  20000000  00001140  00003000  2**2
                  ALLOC
  8 .stack        00000100  20000700  20000700  00002700  2**0
                  ALLOC
  9 .debug_info   00007412  00000000  00000000  00002140  2**0
                  CONTENTS, READONLY, DEBUGGING
 10 .debug_abbrev 00001770  00000000  00000000  00009552  2**0
                  CONTENTS, READONLY, DEBUGGING
 11 .debug_loc    000019cd  00000000  00000000  0000acc2  2**0
                  CONTENTS, READONLY, DEBUGGING
 12 .debug_aranges 00000320  00000000  00000000  0000c690  2**3
                  CONTENTS, READONLY, DEBUGGING
 13 .debug_ranges 00000448  00000000  00000000  0000c9b0  2**3
                  CONTENTS, READONLY, DEBUGGING
 14 .debug_line   00004ef7  00000000  00000000  0000cdf8  2**0
                  CONTENTS, READONLY, DEBUGGING
 15 .debug_str    00001904  00000000  00000000  00011cef  2**0
                  CONTENTS, READONLY, DEBUGGING
 16 .comment      00000033  00000000  00000000  000135f3  2**0
                  CONTENTS, READONLY
 17 .debug_frame  000005c0  00000000  00000000  00013628  2**2
                  CONTENTS, READONLY, DEBUGGING
SYMBOL TABLE:
00000000 l    d  .init	00000000 .init
000000a0 l    d  .text	00000000 .text
00001138 l    d  .fini	00000000 .fini
00001138 l    d  .init_array	00000000 .init_array
20000000 l    d  .dalign	00000000 .dalign
00001140 l    d  .dlalign	00000000 .dlalign
20000000 l    d  .data	00000000 .data
20000000 l    d  .bss	00000000 .bss
20000700 l    d  .stack	00000000 .stack
00000000 l    d  .debug_info	00000000 .debug_info
00000000 l    d  .debug_abbrev	00000000 .debug_abbrev
00000000 l    d  .debug_loc	00000000 .debug_loc
00000000 l    d  .debug_aranges	00000000 .debug_aranges
00000000 l    d  .debug_ranges	00000000 .debug_ranges
00000000 l    d  .debug_line	00000000 .debug_line
00000000 l    d  .debug_str	00000000 .debug_str
00000000 l    d  .comment	00000000 .comment
00000000 l    d  .debug_frame	00000000 .debug_frame
00000000 l    df *ABS*	00000000 FastMatrix.cpp
00000000 l    df *ABS*	00000000 ch32v00x_it.c
00000000 l    df *ABS*	00000000 main.cpp
0000055e l     F .text	0000001c _GLOBAL__sub_I__Z8hsvToRgbdddRdS_S_
00000000 l    df *ABS*	00000000 system_ch32v00x.c
00000000 l    df *ABS*	00000000 ch32v00x_gpio.c
00000000 l    df *ABS*	00000000 ch32v00x_rcc.c
00000000 l    df *ABS*	00000000 debug.c
00000000 l    df *ABS*	00000000 muldf3.c
00000000 l    df *ABS*	00000000 fixunsdfsi.c
00000000 l    df *ABS*	00000000 libgcc2.c
00000000 l    df *ABS*	00000000 atexit.c
00000000 l    df *ABS*	00000000 fini.c
00000000 l    df *ABS*	00000000 init.c
00000000 l    df *ABS*	00000000 __atexit.c
2000059c l     O .bss	0000008c _global_atexit0
00000000 l    df *ABS*	00000000 __call_atexit.c
00000fb8 l     F .text	00000016 register_fini
00000000 l    df *ABS*	00000000 libgcc2.c
00000000 l    df *ABS*	00000000 
00001140 l       .init_array	00000000 __fini_array_end
00001140 l       .init_array	00000000 __fini_array_start
00001140 l       .init_array	00000000 __init_array_end
00001138 l       .fini	00000000 __preinit_array_end
00001138 l       .init_array	00000000 __init_array_start
00001138 l       .fini	00000000 __preinit_array_start
20000800 g       .data	00000000 __global_pointer$
000006aa  w      .text	00000000 TIM1_CC_IRQHandler
00000482 g     F .text	00000002 HardFault_Handler
0000054c g     F .text	00000012 SysTick_Handler
00000682  w      .text	00000000 PVD_IRQHandler
0000047e g     F .text	00000004 NMI_Handler
20000000 g       .bss	00000000 _sbss
00000100 g       *ABS*	00000000 __stack_size
000000aa g     F .text	0000000a .hidden __riscv_restore_2
00000484 g     F .text	0000007c greyTest(unsigned char (*) [8][16])
00000156 g     F .text	0000005c FastMatrix::init()
000000a0 g       .init	00000000 _einit
0000043e g     F .text	0000002e FastMatrix::blackBuffer(unsigned char (*) [8][8])
00000816 g     F .text	0000001e RCC_APB2PeriphClockCmd
00000db2 g     F .text	0000005e .hidden __fixunsdfsi
00000740 g     F .text	000000d6 GPIO_Init
000006a2  w      .text	00000000 SPI1_IRQHandler
000000a0 g     F .text	0000000a .hidden __riscv_save_1
000000aa g     F .text	0000000a .hidden __riscv_restore_0
0000068a  w      .text	00000000 AWU_IRQHandler
00000688  w      .text	00000000 EXTI7_0_IRQHandler
20000700 g       .stack	00000000 _heap_end
00000ec0 g     F .text	00000076 __libc_init_array
00000692  w      .text	00000000 DMA1_Channel4_IRQHandler
0000069a  w      .text	00000000 ADC1_IRQHandler
00000500 g     F .text	00000022 setup_interrupt()
00000836 g     F .text	00000002 _init
00000e88 g     F .text	00000038 __libc_fini_array
20000628 g       .bss	00000000 _ebss
00000698  w      .text	00000000 DMA1_Channel7_IRQHandler
20000004 g     O .bss	00000200 buffer0
00000142 g     F .text	00000014 FastMatrix::FastMatrix(unsigned char (*) [8][16], unsigned char (*) [8][8], unsigned char (*) [8][8])
0000069c  w      .text	00000000 I2C1_EV_IRQHandler
00000278 g     F .text	000001c6 FastMatrix::outputRow()
00000696  w      .text	00000000 DMA1_Channel6_IRQHandler
00000e10 g     F .text	0000006e .hidden __clzsi2
20000000 g     O .bss	00000004 _global_atexit
00000686  w      .text	00000000 RCC_IRQHandler
000006a8  w      .text	00000000 TIM1_TRG_COM_IRQHandler
0000068c  w      .text	00000000 DMA1_Channel1_IRQHandler
00000000 g       .init	00000000 _start
00000f36 g     F .text	00000082 __register_exitproc
000000b4 g     F .text	00000014 .hidden __mulsi3
20000000 g       .dalign	00000000 _data_vma
00000838 g     F .text	0000057a .hidden __muldf3
20000404 g     O .bss	00000180 inputImage
00000530 g     F .text	0000001c main
0000046c g     F .text	00000012 FastMatrix::newImage()
00000142 g     F .text	00000014 FastMatrix::FastMatrix(unsigned char (*) [8][16], unsigned char (*) [8][8], unsigned char (*) [8][8])
20000584 g     O .bss	00000018 matrix
00000694  w      .text	00000000 DMA1_Channel5_IRQHandler
0000057a g     F .text	000000fe SystemInit
00000834 g     F .text	00000002 _fini
00001038 g     O .text	00000100 .hidden __clz_tab
00000000 g       .init	00000000 _sinit
00000e7e g     F .text	0000000a atexit
00000690  w      .text	00000000 DMA1_Channel3_IRQHandler
000006a6  w      .text	00000000 TIM1_UP_IRQHandler
00000680  w      .text	00000000 WWDG_IRQHandler
000006ac  w      .text	00000000 TIM2_IRQHandler
20000800 g       .stack	00000000 _eusrstack
000000a0 g     F .text	0000000a .hidden __riscv_save_2
0000067e  w      .text	00000000 SW_Handler
000001b2 g     F .text	000000c6 FastMatrix::calcInputBuffer()
000006a4  w      .text	00000000 TIM1_BRK_IRQHandler
000000ca g     F .text	00000078 MYGPIO_INIT(MYGPIO, GPIOMode_TypeDef)
00000522 g     F .text	0000000e GPIO_Clock_Init()
20000000 g       .data	00000000 _edata
20000628 g       .bss	00000000 _end
00001140 g       .dlalign	00000000 _data_lma
20000204 g     O .bss	00000200 buffer1
0000068e  w      .text	00000000 DMA1_Channel2_IRQHandler
000006ae  w      .text	00000000 handle_reset
00000684  w      .text	00000000 FLASH_IRQHandler
000000a0 g     F .text	0000000a .hidden __riscv_save_0
000006a0  w      .text	00000000 USART1_IRQHandler
0000069e  w      .text	00000000 I2C1_ER_IRQHandler
000000aa g     F .text	0000000a .hidden __riscv_restore_1



Disassembly of section .init:

00000000 <_sinit>:
   0:	6ae0006f          	j	6ae <handle_reset>
   4:	0000                	unimp
   6:	0000                	unimp
   8:	047e                	slli	s0,s0,0x1f
   a:	0000                	unimp
   c:	0482                	c.slli64	s1
	...
  2e:	0000                	unimp
  30:	054c                	addi	a1,sp,644
  32:	0000                	unimp
  34:	0000                	unimp
  36:	0000                	unimp
  38:	067e                	slli	a2,a2,0x1f
  3a:	0000                	unimp
  3c:	0000                	unimp
  3e:	0000                	unimp
  40:	0680                	addi	s0,sp,832
  42:	0000                	unimp
  44:	0682                	c.slli64	a3
  46:	0000                	unimp
  48:	0684                	addi	s1,sp,832
  4a:	0000                	unimp
  4c:	0686                	slli	a3,a3,0x1
  4e:	0000                	unimp
  50:	0688                	addi	a0,sp,832
  52:	0000                	unimp
  54:	068a                	slli	a3,a3,0x2
  56:	0000                	unimp
  58:	068c                	addi	a1,sp,832
  5a:	0000                	unimp
  5c:	068e                	slli	a3,a3,0x3
  5e:	0000                	unimp
  60:	0690                	addi	a2,sp,832
  62:	0000                	unimp
  64:	0692                	slli	a3,a3,0x4
  66:	0000                	unimp
  68:	0694                	addi	a3,sp,832
  6a:	0000                	unimp
  6c:	0696                	slli	a3,a3,0x5
  6e:	0000                	unimp
  70:	0698                	addi	a4,sp,832
  72:	0000                	unimp
  74:	069a                	slli	a3,a3,0x6
  76:	0000                	unimp
  78:	069c                	addi	a5,sp,832
  7a:	0000                	unimp
  7c:	069e                	slli	a3,a3,0x7
  7e:	0000                	unimp
  80:	06a0                	addi	s0,sp,840
  82:	0000                	unimp
  84:	06a2                	slli	a3,a3,0x8
  86:	0000                	unimp
  88:	06a4                	addi	s1,sp,840
  8a:	0000                	unimp
  8c:	06a6                	slli	a3,a3,0x9
  8e:	0000                	unimp
  90:	06a8                	addi	a0,sp,840
  92:	0000                	unimp
  94:	06aa                	slli	a3,a3,0xa
  96:	0000                	unimp
  98:	06ac                	addi	a1,sp,840
  9a:	0000                	unimp
  9c:	0000                	unimp
	...

Disassembly of section .text:

000000a0 <__riscv_save_0>:
      a0:	1151                	addi	sp,sp,-12
      a2:	c026                	sw	s1,0(sp)
      a4:	c222                	sw	s0,4(sp)
      a6:	c406                	sw	ra,8(sp)
      a8:	8282                	jr	t0

000000aa <__riscv_restore_0>:
      aa:	4482                	lw	s1,0(sp)
      ac:	4412                	lw	s0,4(sp)
      ae:	40a2                	lw	ra,8(sp)
      b0:	0131                	addi	sp,sp,12
      b2:	8082                	ret

000000b4 <__mulsi3>:
      b4:	862a                	mv	a2,a0
      b6:	4501                	li	a0,0
      b8:	0015f693          	andi	a3,a1,1
      bc:	c291                	beqz	a3,c0 <__mulsi3+0xc>
      be:	9532                	add	a0,a0,a2
      c0:	8185                	srli	a1,a1,0x1
      c2:	0606                	slli	a2,a2,0x1
      c4:	f9f5                	bnez	a1,b8 <__mulsi3+0x4>
      c6:	8082                	ret
	...

000000ca <MYGPIO_INIT(MYGPIO, GPIOMode_TypeDef)>:
      ca:	fd7ff2ef          	jal	t0,a0 <__riscv_save_0>
      ce:	1141                	addi	sp,sp,-16
      d0:	40355713          	srai	a4,a0,0x3
      d4:	c202                	sw	zero,4(sp)
      d6:	c402                	sw	zero,8(sp)
      d8:	c602                	sw	zero,12(sp)
      da:	8b0d                	andi	a4,a4,3
      dc:	4689                	li	a3,2
      de:	84aa                	mv	s1,a0
      e0:	04d70663          	beq	a4,a3,12c <__stack_size+0x2c>
      e4:	468d                	li	a3,3
      e6:	04d70763          	beq	a4,a3,134 <__stack_size+0x34>
      ea:	4501                	li	a0,0
      ec:	ef15                	bnez	a4,128 <__stack_size+0x28>
      ee:	fff48693          	addi	a3,s1,-1
      f2:	4605                	li	a2,1
      f4:	853a                	mv	a0,a4
      f6:	02d66963          	bltu	a2,a3,128 <__stack_size+0x28>
      fa:	40011437          	lui	s0,0x40011
      fe:	4511                	li	a0,4
     100:	80040413          	addi	s0,s0,-2048 # 40010800 <__global_pointer$+0x20010000>
     104:	c02e                	sw	a1,0(sp)
     106:	4585                	li	a1,1
     108:	70e000ef          	jal	ra,816 <RCC_APB2PeriphClockCmd>
     10c:	0074f793          	andi	a5,s1,7
     110:	4702                	lw	a4,0(sp)
     112:	4485                	li	s1,1
     114:	00f497b3          	sll	a5,s1,a5
     118:	827c                	sh	a5,4(sp)
     11a:	8522                	mv	a0,s0
     11c:	478d                	li	a5,3
     11e:	004c                	addi	a1,sp,4
     120:	c63a                	sw	a4,12(sp)
     122:	c43e                	sw	a5,8(sp)
     124:	2d31                	jal	740 <GPIO_Init>
     126:	4505                	li	a0,1
     128:	0141                	addi	sp,sp,16
     12a:	b741                	j	aa <__riscv_restore_0>
     12c:	4541                	li	a0,16
     12e:	40011437          	lui	s0,0x40011
     132:	bfc9                	j	104 <__stack_size+0x4>
     134:	40011437          	lui	s0,0x40011
     138:	02000513          	li	a0,32
     13c:	40040413          	addi	s0,s0,1024 # 40011400 <__global_pointer$+0x20010c00>
     140:	b7d1                	j	104 <__stack_size+0x4>

00000142 <FastMatrix::FastMatrix(unsigned char (*) [8][16], unsigned char (*) [8][8], unsigned char (*) [8][8])>:
     142:	00051623          	sh	zero,12(a0)
     146:	00052823          	sw	zero,16(a0)
     14a:	00052a23          	sw	zero,20(a0)
     14e:	c10c                	sw	a1,0(a0)
     150:	c150                	sw	a2,4(a0)
     152:	c514                	sw	a3,8(a0)
     154:	8082                	ret

00000156 <FastMatrix::init()>:
     156:	f4bff2ef          	jal	t0,a0 <__riscv_save_0>
     15a:	842a                	mv	s0,a0
     15c:	45c1                	li	a1,16
     15e:	4541                	li	a0,16
     160:	37ad                	jal	ca <MYGPIO_INIT(MYGPIO, GPIOMode_TypeDef)>
     162:	45c1                	li	a1,16
     164:	4545                	li	a0,17
     166:	3795                	jal	ca <MYGPIO_INIT(MYGPIO, GPIOMode_TypeDef)>
     168:	45c1                	li	a1,16
     16a:	4549                	li	a0,18
     16c:	3fb9                	jal	ca <MYGPIO_INIT(MYGPIO, GPIOMode_TypeDef)>
     16e:	45c1                	li	a1,16
     170:	454d                	li	a0,19
     172:	3fa1                	jal	ca <MYGPIO_INIT(MYGPIO, GPIOMode_TypeDef)>
     174:	45c1                	li	a1,16
     176:	4551                	li	a0,20
     178:	3f89                	jal	ca <MYGPIO_INIT(MYGPIO, GPIOMode_TypeDef)>
     17a:	45c1                	li	a1,16
     17c:	4561                	li	a0,24
     17e:	37b1                	jal	ca <MYGPIO_INIT(MYGPIO, GPIOMode_TypeDef)>
     180:	45c1                	li	a1,16
     182:	4569                	li	a0,26
     184:	3799                	jal	ca <MYGPIO_INIT(MYGPIO, GPIOMode_TypeDef)>
     186:	45c1                	li	a1,16
     188:	456d                	li	a0,27
     18a:	3781                	jal	ca <MYGPIO_INIT(MYGPIO, GPIOMode_TypeDef)>
     18c:	45c1                	li	a1,16
     18e:	4571                	li	a0,28
     190:	3f2d                	jal	ca <MYGPIO_INIT(MYGPIO, GPIOMode_TypeDef)>
     192:	45c1                	li	a1,16
     194:	4575                	li	a0,29
     196:	3f15                	jal	ca <MYGPIO_INIT(MYGPIO, GPIOMode_TypeDef)>
     198:	45c1                	li	a1,16
     19a:	4579                	li	a0,30
     19c:	373d                	jal	ca <MYGPIO_INIT(MYGPIO, GPIOMode_TypeDef)>
     19e:	45c1                	li	a1,16
     1a0:	457d                	li	a0,31
     1a2:	3725                	jal	ca <MYGPIO_INIT(MYGPIO, GPIOMode_TypeDef)>
     1a4:	404c                	lw	a1,4(s0)
     1a6:	8522                	mv	a0,s0
     1a8:	2c59                	jal	43e <FastMatrix::blackBuffer(unsigned char (*) [8][8])>
     1aa:	440c                	lw	a1,8(s0)
     1ac:	8522                	mv	a0,s0
     1ae:	2c41                	jal	43e <FastMatrix::blackBuffer(unsigned char (*) [8][8])>
     1b0:	bded                	j	aa <__riscv_restore_0>

000001b2 <FastMatrix::calcInputBuffer()>:
     1b2:	1131                	addi	sp,sp,-20
     1b4:	c822                	sw	s0,16(sp)
     1b6:	c626                	sw	s1,12(sp)
     1b8:	4281                	li	t0,0
     1ba:	4785                	li	a5,1
     1bc:	005796b3          	sll	a3,a5,t0
     1c0:	00629793          	slli	a5,t0,0x6
     1c4:	0ff6f693          	andi	a3,a3,255
     1c8:	c23e                	sw	a5,4(sp)
     1ca:	4581                	li	a1,0
     1cc:	00459793          	slli	a5,a1,0x4
     1d0:	c03e                	sw	a5,0(sp)
     1d2:	00359793          	slli	a5,a1,0x3
     1d6:	4601                	li	a2,0
     1d8:	c43e                	sw	a5,8(sp)
     1da:	4782                	lw	a5,0(sp)
     1dc:	00052303          	lw	t1,0(a0)
     1e0:	00860493          	addi	s1,a2,8
     1e4:	00f303b3          	add	t2,t1,a5
     1e8:	00c38433          	add	s0,t2,a2
     1ec:	93a6                	add	t2,t2,s1
     1ee:	0003c783          	lbu	a5,0(t2)
     1f2:	2018                	lbu	a4,0(s0)
     1f4:	8ff5                	and	a5,a5,a3
     1f6:	8f75                	and	a4,a4,a3
     1f8:	00173713          	seqz	a4,a4
     1fc:	0017b793          	seqz	a5,a5
     200:	078a                	slli	a5,a5,0x2
     202:	070e                	slli	a4,a4,0x3
     204:	8f5d                	or	a4,a4,a5
     206:	08044783          	lbu	a5,128(s0)
     20a:	8ff5                	and	a5,a5,a3
     20c:	0017b793          	seqz	a5,a5
     210:	0796                	slli	a5,a5,0x5
     212:	8fd9                	or	a5,a5,a4
     214:	0803c703          	lbu	a4,128(t2)
     218:	10044383          	lbu	t2,256(s0)
     21c:	8f75                	and	a4,a4,a3
     21e:	00173713          	seqz	a4,a4
     222:	0712                	slli	a4,a4,0x4
     224:	0076f3b3          	and	t2,a3,t2
     228:	8fd9                	or	a5,a5,a4
     22a:	4701                	li	a4,0
     22c:	00039463          	bnez	t2,234 <FastMatrix::calcInputBuffer()+0x82>
     230:	f8000713          	li	a4,-128
     234:	8fd9                	or	a5,a5,a4
     236:	4702                	lw	a4,0(sp)
     238:	4412                	lw	s0,4(sp)
     23a:	933a                	add	t1,t1,a4
     23c:	9326                	add	t1,t1,s1
     23e:	10034703          	lbu	a4,256(t1)
     242:	00452303          	lw	t1,4(a0)
     246:	8f75                	and	a4,a4,a3
     248:	9322                	add	t1,t1,s0
     24a:	4422                	lw	s0,8(sp)
     24c:	00173713          	seqz	a4,a4
     250:	071a                	slli	a4,a4,0x6
     252:	9322                	add	t1,t1,s0
     254:	9332                	add	t1,t1,a2
     256:	8fd9                	or	a5,a5,a4
     258:	00f30023          	sb	a5,0(t1)
     25c:	0605                	addi	a2,a2,1
     25e:	47a1                	li	a5,8
     260:	f6f61de3          	bne	a2,a5,1da <FastMatrix::calcInputBuffer()+0x28>
     264:	0585                	addi	a1,a1,1
     266:	f6c593e3          	bne	a1,a2,1cc <FastMatrix::calcInputBuffer()+0x1a>
     26a:	0285                	addi	t0,t0,1
     26c:	f4b297e3          	bne	t0,a1,1ba <FastMatrix::calcInputBuffer()+0x8>
     270:	4442                	lw	s0,16(sp)
     272:	44b2                	lw	s1,12(sp)
     274:	0151                	addi	sp,sp,20
     276:	8082                	ret

00000278 <FastMatrix::outputRow()>:
     278:	1141                	addi	sp,sp,-16
     27a:	c622                	sw	s0,12(sp)
     27c:	0800                	addi	s0,sp,16
     27e:	fea42823          	sw	a0,-16(s0)
     282:	ff042783          	lw	a5,-16(s0)
     286:	27dc                	lbu	a5,12(a5)
     288:	873e                	mv	a4,a5
     28a:	07f00793          	li	a5,127
     28e:	00e79733          	sll	a4,a5,a4
     292:	e000f7b7          	lui	a5,0xe000f
     296:	cb98                	sw	a4,16(a5)
     298:	ff042783          	lw	a5,-16(s0)
     29c:	4798                	lw	a4,8(a5)
     29e:	ff042783          	lw	a5,-16(s0)
     2a2:	27dc                	lbu	a5,12(a5)
     2a4:	079a                	slli	a5,a5,0x6
     2a6:	973e                	add	a4,a4,a5
     2a8:	ff042783          	lw	a5,-16(s0)
     2ac:	37dc                	lbu	a5,13(a5)
     2ae:	078e                	slli	a5,a5,0x3
     2b0:	97ba                	add	a5,a5,a4
     2b2:	fef42a23          	sw	a5,-12(s0)
     2b6:	ff442783          	lw	a5,-12(s0)
     2ba:	2398                	lbu	a4,0(a5)
     2bc:	400117b7          	lui	a5,0x40011
     2c0:	40078793          	addi	a5,a5,1024 # 40011400 <__global_pointer$+0x20010c00>
     2c4:	c7d8                	sw	a4,12(a5)
     2c6:	400117b7          	lui	a5,0x40011
     2ca:	40078793          	addi	a5,a5,1024 # 40011400 <__global_pointer$+0x20010c00>
     2ce:	4705                	li	a4,1
     2d0:	cb98                	sw	a4,16(a5)
     2d2:	ff442783          	lw	a5,-12(s0)
     2d6:	0785                	addi	a5,a5,1
     2d8:	2398                	lbu	a4,0(a5)
     2da:	400117b7          	lui	a5,0x40011
     2de:	40078793          	addi	a5,a5,1024 # 40011400 <__global_pointer$+0x20010c00>
     2e2:	c7d8                	sw	a4,12(a5)
     2e4:	400117b7          	lui	a5,0x40011
     2e8:	40078793          	addi	a5,a5,1024 # 40011400 <__global_pointer$+0x20010c00>
     2ec:	4705                	li	a4,1
     2ee:	cb98                	sw	a4,16(a5)
     2f0:	ff442783          	lw	a5,-12(s0)
     2f4:	0789                	addi	a5,a5,2
     2f6:	2398                	lbu	a4,0(a5)
     2f8:	400117b7          	lui	a5,0x40011
     2fc:	40078793          	addi	a5,a5,1024 # 40011400 <__global_pointer$+0x20010c00>
     300:	c7d8                	sw	a4,12(a5)
     302:	400117b7          	lui	a5,0x40011
     306:	40078793          	addi	a5,a5,1024 # 40011400 <__global_pointer$+0x20010c00>
     30a:	4705                	li	a4,1
     30c:	cb98                	sw	a4,16(a5)
     30e:	ff442783          	lw	a5,-12(s0)
     312:	078d                	addi	a5,a5,3
     314:	2398                	lbu	a4,0(a5)
     316:	400117b7          	lui	a5,0x40011
     31a:	40078793          	addi	a5,a5,1024 # 40011400 <__global_pointer$+0x20010c00>
     31e:	c7d8                	sw	a4,12(a5)
     320:	400117b7          	lui	a5,0x40011
     324:	40078793          	addi	a5,a5,1024 # 40011400 <__global_pointer$+0x20010c00>
     328:	4705                	li	a4,1
     32a:	cb98                	sw	a4,16(a5)
     32c:	ff442783          	lw	a5,-12(s0)
     330:	0791                	addi	a5,a5,4
     332:	2398                	lbu	a4,0(a5)
     334:	400117b7          	lui	a5,0x40011
     338:	40078793          	addi	a5,a5,1024 # 40011400 <__global_pointer$+0x20010c00>
     33c:	c7d8                	sw	a4,12(a5)
     33e:	400117b7          	lui	a5,0x40011
     342:	40078793          	addi	a5,a5,1024 # 40011400 <__global_pointer$+0x20010c00>
     346:	4705                	li	a4,1
     348:	cb98                	sw	a4,16(a5)
     34a:	ff442783          	lw	a5,-12(s0)
     34e:	0795                	addi	a5,a5,5
     350:	2398                	lbu	a4,0(a5)
     352:	400117b7          	lui	a5,0x40011
     356:	40078793          	addi	a5,a5,1024 # 40011400 <__global_pointer$+0x20010c00>
     35a:	c7d8                	sw	a4,12(a5)
     35c:	400117b7          	lui	a5,0x40011
     360:	40078793          	addi	a5,a5,1024 # 40011400 <__global_pointer$+0x20010c00>
     364:	4705                	li	a4,1
     366:	cb98                	sw	a4,16(a5)
     368:	ff442783          	lw	a5,-12(s0)
     36c:	0799                	addi	a5,a5,6
     36e:	2398                	lbu	a4,0(a5)
     370:	400117b7          	lui	a5,0x40011
     374:	40078793          	addi	a5,a5,1024 # 40011400 <__global_pointer$+0x20010c00>
     378:	c7d8                	sw	a4,12(a5)
     37a:	400117b7          	lui	a5,0x40011
     37e:	40078793          	addi	a5,a5,1024 # 40011400 <__global_pointer$+0x20010c00>
     382:	4705                	li	a4,1
     384:	cb98                	sw	a4,16(a5)
     386:	ff442783          	lw	a5,-12(s0)
     38a:	079d                	addi	a5,a5,7
     38c:	2398                	lbu	a4,0(a5)
     38e:	400117b7          	lui	a5,0x40011
     392:	40078793          	addi	a5,a5,1024 # 40011400 <__global_pointer$+0x20010c00>
     396:	c7d8                	sw	a4,12(a5)
     398:	400117b7          	lui	a5,0x40011
     39c:	40078793          	addi	a5,a5,1024 # 40011400 <__global_pointer$+0x20010c00>
     3a0:	4705                	li	a4,1
     3a2:	cb98                	sw	a4,16(a5)
     3a4:	400117b7          	lui	a5,0x40011
     3a8:	4721                	li	a4,8
     3aa:	cbd8                	sw	a4,20(a5)
     3ac:	400117b7          	lui	a5,0x40011
     3b0:	4741                	li	a4,16
     3b2:	cb98                	sw	a4,16(a5)
     3b4:	ff042783          	lw	a5,-16(s0)
     3b8:	37dc                	lbu	a5,13(a5)
     3ba:	0187e793          	ori	a5,a5,24
     3be:	0ff7f713          	andi	a4,a5,255
     3c2:	400117b7          	lui	a5,0x40011
     3c6:	c7d8                	sw	a4,12(a5)
     3c8:	fe040da3          	sb	zero,-5(s0)
     3cc:	ffb44703          	lbu	a4,-5(s0)
     3d0:	47a5                	li	a5,9
     3d2:	00e7e863          	bltu	a5,a4,3e2 <FastMatrix::outputRow()+0x16a>
     3d6:	ffb44783          	lbu	a5,-5(s0)
     3da:	0785                	addi	a5,a5,1
     3dc:	fef40da3          	sb	a5,-5(s0)
     3e0:	b7f5                	j	3cc <FastMatrix::outputRow()+0x154>
     3e2:	ff042783          	lw	a5,-16(s0)
     3e6:	37dc                	lbu	a5,13(a5)
     3e8:	0785                	addi	a5,a5,1
     3ea:	0ff7f713          	andi	a4,a5,255
     3ee:	ff042783          	lw	a5,-16(s0)
     3f2:	b7d8                	sb	a4,13(a5)
     3f4:	ff042783          	lw	a5,-16(s0)
     3f8:	37d8                	lbu	a4,13(a5)
     3fa:	479d                	li	a5,7
     3fc:	02e7f963          	bgeu	a5,a4,42e <FastMatrix::outputRow()+0x1b6>
     400:	ff042783          	lw	a5,-16(s0)
     404:	000786a3          	sb	zero,13(a5) # 4001100d <__global_pointer$+0x2001080d>
     408:	ff042783          	lw	a5,-16(s0)
     40c:	27dc                	lbu	a5,12(a5)
     40e:	0785                	addi	a5,a5,1
     410:	0ff7f713          	andi	a4,a5,255
     414:	ff042783          	lw	a5,-16(s0)
     418:	a7d8                	sb	a4,12(a5)
     41a:	ff042783          	lw	a5,-16(s0)
     41e:	27d8                	lbu	a4,12(a5)
     420:	479d                	li	a5,7
     422:	00e7f663          	bgeu	a5,a4,42e <FastMatrix::outputRow()+0x1b6>
     426:	ff042783          	lw	a5,-16(s0)
     42a:	00078623          	sb	zero,12(a5)
     42e:	400117b7          	lui	a5,0x40011
     432:	4741                	li	a4,16
     434:	cbd8                	sw	a4,20(a5)
     436:	0001                	nop
     438:	4432                	lw	s0,12(sp)
     43a:	0141                	addi	sp,sp,16
     43c:	8082                	ret

0000043e <FastMatrix::blackBuffer(unsigned char (*) [8][8])>:
     43e:	04058693          	addi	a3,a1,64
     442:	5771                	li	a4,-4
     444:	24058593          	addi	a1,a1,576
     448:	fc068793          	addi	a5,a3,-64
     44c:	a398                	sb	a4,0(a5)
     44e:	b398                	sb	a4,1(a5)
     450:	a3b8                	sb	a4,2(a5)
     452:	b3b8                	sb	a4,3(a5)
     454:	a3d8                	sb	a4,4(a5)
     456:	b3d8                	sb	a4,5(a5)
     458:	a3f8                	sb	a4,6(a5)
     45a:	b3f8                	sb	a4,7(a5)
     45c:	07a1                	addi	a5,a5,8
     45e:	fed797e3          	bne	a5,a3,44c <FastMatrix::blackBuffer(unsigned char (*) [8][8])+0xe>
     462:	04078693          	addi	a3,a5,64 # 40011040 <__global_pointer$+0x20010840>
     466:	fed591e3          	bne	a1,a3,448 <FastMatrix::blackBuffer(unsigned char (*) [8][8])+0xa>
     46a:	8082                	ret

0000046c <FastMatrix::newImage()>:
     46c:	c35ff2ef          	jal	t0,a0 <__riscv_save_0>
     470:	842a                	mv	s0,a0
     472:	3381                	jal	1b2 <FastMatrix::calcInputBuffer()>
     474:	441c                	lw	a5,8(s0)
     476:	4058                	lw	a4,4(s0)
     478:	c05c                	sw	a5,4(s0)
     47a:	c418                	sw	a4,8(s0)
     47c:	b13d                	j	aa <__riscv_restore_0>

0000047e <NMI_Handler>:
     47e:	30200073          	mret

00000482 <HardFault_Handler>:
     482:	a001                	j	482 <HardFault_Handler>

00000484 <greyTest(unsigned char (*) [8][16])>:
     484:	c1dff2ef          	jal	t0,a0 <__riscv_save_0>
     488:	6405                	lui	s0,0x1
     48a:	1121                	addi	sp,sp,-24
     48c:	08050713          	addi	a4,a0,128
     490:	fd040413          	addi	s0,s0,-48 # fd0 <register_fini+0x18>
     494:	c03a                	sw	a4,0(sp)
     496:	4418                	lw	a4,8(s0)
     498:	87aa                	mv	a5,a0
     49a:	c23a                	sw	a4,4(sp)
     49c:	4458                	lw	a4,12(s0)
     49e:	c43a                	sw	a4,8(sp)
     4a0:	873e                	mv	a4,a5
     4a2:	4481                	li	s1,0
     4a4:	4512                	lw	a0,4(sp)
     4a6:	45a2                	lw	a1,8(sp)
     4a8:	82a6                	mv	t0,s1
     4aa:	ca16                	sw	t0,20(sp)
     4ac:	c83e                	sw	a5,16(sp)
     4ae:	c63a                	sw	a4,12(sp)
     4b0:	00028d63          	beqz	t0,4ca <greyTest(unsigned char (*) [8][16])+0x46>
     4b4:	4c10                	lw	a2,24(s0)
     4b6:	4c54                	lw	a3,28(s0)
     4b8:	2641                	jal	838 <__muldf3>
     4ba:	42d2                	lw	t0,20(sp)
     4bc:	4732                	lw	a4,12(sp)
     4be:	47c2                	lw	a5,16(sp)
     4c0:	fff28313          	addi	t1,t0,-1
     4c4:	0ff37293          	andi	t0,t1,255
     4c8:	b7cd                	j	4aa <greyTest(unsigned char (*) [8][16])+0x26>
     4ca:	4054                	lw	a3,4(s0)
     4cc:	4010                	lw	a2,0(s0)
     4ce:	0485                	addi	s1,s1,1
     4d0:	0ff4f493          	andi	s1,s1,255
     4d4:	2695                	jal	838 <__muldf3>
     4d6:	0dd000ef          	jal	ra,db2 <__fixunsdfsi>
     4da:	4732                	lw	a4,12(sp)
     4dc:	0ff57513          	andi	a0,a0,255
     4e0:	46c1                	li	a3,16
     4e2:	a308                	sb	a0,0(a4)
     4e4:	08a70023          	sb	a0,128(a4)
     4e8:	10a70023          	sb	a0,256(a4)
     4ec:	47c2                	lw	a5,16(sp)
     4ee:	0705                	addi	a4,a4,1
     4f0:	fad49ae3          	bne	s1,a3,4a4 <greyTest(unsigned char (*) [8][16])+0x20>
     4f4:	4702                	lw	a4,0(sp)
     4f6:	07c1                	addi	a5,a5,16
     4f8:	fae794e3          	bne	a5,a4,4a0 <greyTest(unsigned char (*) [8][16])+0x1c>
     4fc:	0161                	addi	sp,sp,24
     4fe:	b675                	j	aa <__riscv_restore_0>

00000500 <setup_interrupt()>:
     500:	e000e7b7          	lui	a5,0xe000e
     504:	6705                	lui	a4,0x1
     506:	10e7a023          	sw	a4,256(a5) # e000e100 <__global_pointer$+0xc000d900>
     50a:	e000f7b7          	lui	a5,0xe000f
     50e:	0007a223          	sw	zero,4(a5) # e000f004 <__global_pointer$+0xc000e804>
     512:	07f00713          	li	a4,127
     516:	cb98                	sw	a4,16(a5)
     518:	0007a423          	sw	zero,8(a5)
     51c:	473d                	li	a4,15
     51e:	c398                	sw	a4,0(a5)
     520:	8082                	ret

00000522 <GPIO_Clock_Init()>:
     522:	b7fff2ef          	jal	t0,a0 <__riscv_save_0>
     526:	4585                	li	a1,1
     528:	03000513          	li	a0,48
     52c:	24ed                	jal	816 <RCC_APB2PeriphClockCmd>
     52e:	beb5                	j	aa <__riscv_restore_0>

00000530 <main>:
     530:	b71ff2ef          	jal	t0,a0 <__riscv_save_0>
     534:	37fd                	jal	522 <GPIO_Clock_Init()>
     536:	d8418513          	addi	a0,gp,-636 # 20000584 <matrix>
     53a:	3931                	jal	156 <FastMatrix::init()>
     53c:	37d1                	jal	500 <setup_interrupt()>
     53e:	c0418513          	addi	a0,gp,-1020 # 20000404 <inputImage>
     542:	3789                	jal	484 <greyTest(unsigned char (*) [8][16])>
     544:	d8418513          	addi	a0,gp,-636 # 20000584 <matrix>
     548:	3715                	jal	46c <FastMatrix::newImage()>
     54a:	a001                	j	54a <main+0x1a>

0000054c <SysTick_Handler>:
     54c:	e000f7b7          	lui	a5,0xe000f
     550:	0007a223          	sw	zero,4(a5) # e000f004 <__global_pointer$+0xc000e804>
     554:	d8418513          	addi	a0,gp,-636 # 20000584 <matrix>
     558:	3305                	jal	278 <FastMatrix::outputRow()>
     55a:	30200073          	mret

0000055e <_GLOBAL__sub_I__Z8hsvToRgbdddRdS_S_>:
     55e:	b43ff2ef          	jal	t0,a0 <__riscv_save_0>
     562:	20000637          	lui	a2,0x20000
     566:	a0418693          	addi	a3,gp,-1532 # 20000204 <buffer1>
     56a:	00460613          	addi	a2,a2,4 # 20000004 <buffer0>
     56e:	c0418593          	addi	a1,gp,-1020 # 20000404 <inputImage>
     572:	d8418513          	addi	a0,gp,-636 # 20000584 <matrix>
     576:	36f1                	jal	142 <FastMatrix::FastMatrix(unsigned char (*) [8][16], unsigned char (*) [8][8], unsigned char (*) [8][8])>
     578:	be0d                	j	aa <__riscv_restore_0>

0000057a <SystemInit>:
     57a:	400217b7          	lui	a5,0x40021
     57e:	4398                	lw	a4,0(a5)
     580:	fcff06b7          	lui	a3,0xfcff0
     584:	1161                	addi	sp,sp,-8
     586:	00176713          	ori	a4,a4,1
     58a:	c398                	sw	a4,0(a5)
     58c:	43d8                	lw	a4,4(a5)
     58e:	6621                	lui	a2,0x8
     590:	8f75                	and	a4,a4,a3
     592:	c3d8                	sw	a4,4(a5)
     594:	4398                	lw	a4,0(a5)
     596:	fef706b7          	lui	a3,0xfef70
     59a:	16fd                	addi	a3,a3,-1
     59c:	8f75                	and	a4,a4,a3
     59e:	c398                	sw	a4,0(a5)
     5a0:	4398                	lw	a4,0(a5)
     5a2:	fffc06b7          	lui	a3,0xfffc0
     5a6:	16fd                	addi	a3,a3,-1
     5a8:	8f75                	and	a4,a4,a3
     5aa:	c398                	sw	a4,0(a5)
     5ac:	43d8                	lw	a4,4(a5)
     5ae:	76c1                	lui	a3,0xffff0
     5b0:	16fd                	addi	a3,a3,-1
     5b2:	8f75                	and	a4,a4,a3
     5b4:	c3d8                	sw	a4,4(a5)
     5b6:	009f0737          	lui	a4,0x9f0
     5ba:	c798                	sw	a4,8(a5)
     5bc:	c002                	sw	zero,0(sp)
     5be:	c202                	sw	zero,4(sp)
     5c0:	4f98                	lw	a4,24(a5)
     5c2:	400106b7          	lui	a3,0x40010
     5c6:	00176713          	ori	a4,a4,1
     5ca:	cf98                	sw	a4,24(a5)
     5cc:	42d8                	lw	a4,4(a3)
     5ce:	8f51                	or	a4,a4,a2
     5d0:	c2d8                	sw	a4,4(a3)
     5d2:	4398                	lw	a4,0(a5)
     5d4:	66c1                	lui	a3,0x10
     5d6:	00020637          	lui	a2,0x20
     5da:	8f55                	or	a4,a4,a3
     5dc:	c398                	sw	a4,0(a5)
     5de:	400216b7          	lui	a3,0x40021
     5e2:	6709                	lui	a4,0x2
     5e4:	429c                	lw	a5,0(a3)
     5e6:	8ff1                	and	a5,a5,a2
     5e8:	c23e                	sw	a5,4(sp)
     5ea:	4782                	lw	a5,0(sp)
     5ec:	0785                	addi	a5,a5,1
     5ee:	c03e                	sw	a5,0(sp)
     5f0:	4792                	lw	a5,4(sp)
     5f2:	e781                	bnez	a5,5fa <SystemInit+0x80>
     5f4:	4782                	lw	a5,0(sp)
     5f6:	fee797e3          	bne	a5,a4,5e4 <SystemInit+0x6a>
     5fa:	400217b7          	lui	a5,0x40021
     5fe:	439c                	lw	a5,0(a5)
     600:	00e79713          	slli	a4,a5,0xe
     604:	06075863          	bgez	a4,674 <SystemInit+0xfa>
     608:	4785                	li	a5,1
     60a:	c23e                	sw	a5,4(sp)
     60c:	4712                	lw	a4,4(sp)
     60e:	4785                	li	a5,1
     610:	06f71063          	bne	a4,a5,670 <SystemInit+0xf6>
     614:	400227b7          	lui	a5,0x40022
     618:	4398                	lw	a4,0(a5)
     61a:	76c1                	lui	a3,0xffff0
     61c:	16fd                	addi	a3,a3,-1
     61e:	9b71                	andi	a4,a4,-4
     620:	c398                	sw	a4,0(a5)
     622:	4398                	lw	a4,0(a5)
     624:	00176713          	ori	a4,a4,1
     628:	c398                	sw	a4,0(a5)
     62a:	400217b7          	lui	a5,0x40021
     62e:	43d8                	lw	a4,4(a5)
     630:	c3d8                	sw	a4,4(a5)
     632:	43d8                	lw	a4,4(a5)
     634:	8f75                	and	a4,a4,a3
     636:	c3d8                	sw	a4,4(a5)
     638:	43d8                	lw	a4,4(a5)
     63a:	66c1                	lui	a3,0x10
     63c:	8f55                	or	a4,a4,a3
     63e:	c3d8                	sw	a4,4(a5)
     640:	4398                	lw	a4,0(a5)
     642:	010006b7          	lui	a3,0x1000
     646:	8f55                	or	a4,a4,a3
     648:	c398                	sw	a4,0(a5)
     64a:	4398                	lw	a4,0(a5)
     64c:	00671693          	slli	a3,a4,0x6
     650:	fe06dde3          	bgez	a3,64a <SystemInit+0xd0>
     654:	43d8                	lw	a4,4(a5)
     656:	400216b7          	lui	a3,0x40021
     65a:	9b71                	andi	a4,a4,-4
     65c:	c3d8                	sw	a4,4(a5)
     65e:	43d8                	lw	a4,4(a5)
     660:	00276713          	ori	a4,a4,2
     664:	c3d8                	sw	a4,4(a5)
     666:	4721                	li	a4,8
     668:	42dc                	lw	a5,4(a3)
     66a:	8bb1                	andi	a5,a5,12
     66c:	fee79ee3          	bne	a5,a4,668 <SystemInit+0xee>
     670:	0121                	addi	sp,sp,8
     672:	8082                	ret
     674:	c202                	sw	zero,4(sp)
     676:	bf59                	j	60c <SystemInit+0x92>
     678:	a001                	j	678 <SystemInit+0xfe>
     67a:	a001                	j	67a <SystemInit+0x100>
     67c:	a001                	j	67c <SystemInit+0x102>

0000067e <SW_Handler>:
     67e:	a001                	j	67e <SW_Handler>

00000680 <WWDG_IRQHandler>:
     680:	a001                	j	680 <WWDG_IRQHandler>

00000682 <PVD_IRQHandler>:
     682:	a001                	j	682 <PVD_IRQHandler>

00000684 <FLASH_IRQHandler>:
     684:	a001                	j	684 <FLASH_IRQHandler>

00000686 <RCC_IRQHandler>:
     686:	a001                	j	686 <RCC_IRQHandler>

00000688 <EXTI7_0_IRQHandler>:
     688:	a001                	j	688 <EXTI7_0_IRQHandler>

0000068a <AWU_IRQHandler>:
     68a:	a001                	j	68a <AWU_IRQHandler>

0000068c <DMA1_Channel1_IRQHandler>:
     68c:	a001                	j	68c <DMA1_Channel1_IRQHandler>

0000068e <DMA1_Channel2_IRQHandler>:
     68e:	a001                	j	68e <DMA1_Channel2_IRQHandler>

00000690 <DMA1_Channel3_IRQHandler>:
     690:	a001                	j	690 <DMA1_Channel3_IRQHandler>

00000692 <DMA1_Channel4_IRQHandler>:
     692:	a001                	j	692 <DMA1_Channel4_IRQHandler>

00000694 <DMA1_Channel5_IRQHandler>:
     694:	a001                	j	694 <DMA1_Channel5_IRQHandler>

00000696 <DMA1_Channel6_IRQHandler>:
     696:	a001                	j	696 <DMA1_Channel6_IRQHandler>

00000698 <DMA1_Channel7_IRQHandler>:
     698:	a001                	j	698 <DMA1_Channel7_IRQHandler>

0000069a <ADC1_IRQHandler>:
     69a:	a001                	j	69a <ADC1_IRQHandler>

0000069c <I2C1_EV_IRQHandler>:
     69c:	a001                	j	69c <I2C1_EV_IRQHandler>

0000069e <I2C1_ER_IRQHandler>:
     69e:	a001                	j	69e <I2C1_ER_IRQHandler>

000006a0 <USART1_IRQHandler>:
     6a0:	a001                	j	6a0 <USART1_IRQHandler>

000006a2 <SPI1_IRQHandler>:
     6a2:	a001                	j	6a2 <SPI1_IRQHandler>

000006a4 <TIM1_BRK_IRQHandler>:
     6a4:	a001                	j	6a4 <TIM1_BRK_IRQHandler>

000006a6 <TIM1_UP_IRQHandler>:
     6a6:	a001                	j	6a6 <TIM1_UP_IRQHandler>

000006a8 <TIM1_TRG_COM_IRQHandler>:
     6a8:	a001                	j	6a8 <TIM1_TRG_COM_IRQHandler>

000006aa <TIM1_CC_IRQHandler>:
     6aa:	a001                	j	6aa <TIM1_CC_IRQHandler>

000006ac <TIM2_IRQHandler>:
     6ac:	a001                	j	6ac <TIM2_IRQHandler>

000006ae <handle_reset>:
     6ae:	20000197          	auipc	gp,0x20000
     6b2:	15218193          	addi	gp,gp,338 # 20000800 <__global_pointer$>
     6b6:	00018113          	mv	sp,gp
     6ba:	00001517          	auipc	a0,0x1
     6be:	a8650513          	addi	a0,a0,-1402 # 1140 <__fini_array_end>
     6c2:	20000597          	auipc	a1,0x20000
     6c6:	93e58593          	addi	a1,a1,-1730 # 20000000 <_data_vma>
     6ca:	20000617          	auipc	a2,0x20000
     6ce:	93660613          	addi	a2,a2,-1738 # 20000000 <_data_vma>
     6d2:	00c5fa63          	bgeu	a1,a2,6e6 <handle_reset+0x38>
     6d6:	00052283          	lw	t0,0(a0)
     6da:	0055a023          	sw	t0,0(a1)
     6de:	0511                	addi	a0,a0,4
     6e0:	0591                	addi	a1,a1,4
     6e2:	fec5eae3          	bltu	a1,a2,6d6 <handle_reset+0x28>
     6e6:	20000517          	auipc	a0,0x20000
     6ea:	91a50513          	addi	a0,a0,-1766 # 20000000 <_data_vma>
     6ee:	e2818593          	addi	a1,gp,-472 # 20000628 <_ebss>
     6f2:	00b57763          	bgeu	a0,a1,700 <handle_reset+0x52>
     6f6:	00052023          	sw	zero,0(a0)
     6fa:	0511                	addi	a0,a0,4
     6fc:	feb56de3          	bltu	a0,a1,6f6 <handle_reset+0x48>
     700:	08000293          	li	t0,128
     704:	30029073          	csrw	mstatus,t0
     708:	428d                	li	t0,3
     70a:	80429073          	csrw	0x804,t0
     70e:	00000297          	auipc	t0,0x0
     712:	8f228293          	addi	t0,t0,-1806 # 0 <_sinit>
     716:	0032e293          	ori	t0,t0,3
     71a:	30529073          	csrw	mtvec,t0
     71e:	00000517          	auipc	a0,0x0
     722:	76a50513          	addi	a0,a0,1898 # e88 <__libc_fini_array>
     726:	2fa1                	jal	e7e <atexit>
     728:	798000ef          	jal	ra,ec0 <__libc_init_array>
     72c:	e4fff0ef          	jal	ra,57a <SystemInit>
     730:	00000297          	auipc	t0,0x0
     734:	e0028293          	addi	t0,t0,-512 # 530 <main>
     738:	34129073          	csrw	mepc,t0
     73c:	30200073          	mret

00000740 <GPIO_Init>:
     740:	459c                	lw	a5,8(a1)
     742:	1161                	addi	sp,sp,-8
     744:	c222                	sw	s0,4(sp)
     746:	c026                	sw	s1,0(sp)
     748:	0107f713          	andi	a4,a5,16
     74c:	00f7f313          	andi	t1,a5,15
     750:	c701                	beqz	a4,758 <GPIO_Init+0x18>
     752:	41d8                	lw	a4,4(a1)
     754:	00e36333          	or	t1,t1,a4
     758:	2192                	lhu	a2,0(a1)
     75a:	0ff67713          	andi	a4,a2,255
     75e:	c729                	beqz	a4,7a8 <GPIO_Init+0x68>
     760:	00052383          	lw	t2,0(a0)
     764:	4701                	li	a4,0
     766:	02800413          	li	s0,40
     76a:	04800493          	li	s1,72
     76e:	4685                	li	a3,1
     770:	00e695b3          	sll	a1,a3,a4
     774:	00b676b3          	and	a3,a2,a1
     778:	02d59263          	bne	a1,a3,79c <GPIO_Init+0x5c>
     77c:	00271293          	slli	t0,a4,0x2
     780:	46bd                	li	a3,15
     782:	005696b3          	sll	a3,a3,t0
     786:	fff6c693          	not	a3,a3
     78a:	0076f3b3          	and	t2,a3,t2
     78e:	005312b3          	sll	t0,t1,t0
     792:	0072e3b3          	or	t2,t0,t2
     796:	06879763          	bne	a5,s0,804 <GPIO_Init+0xc4>
     79a:	c94c                	sw	a1,20(a0)
     79c:	0705                	addi	a4,a4,1
     79e:	46a1                	li	a3,8
     7a0:	fcd717e3          	bne	a4,a3,76e <GPIO_Init+0x2e>
     7a4:	00752023          	sw	t2,0(a0)
     7a8:	0ff00713          	li	a4,255
     7ac:	04c77863          	bgeu	a4,a2,7fc <GPIO_Init+0xbc>
     7b0:	00452383          	lw	t2,4(a0)
     7b4:	46a1                	li	a3,8
     7b6:	02800413          	li	s0,40
     7ba:	04800493          	li	s1,72
     7be:	4705                	li	a4,1
     7c0:	00d712b3          	sll	t0,a4,a3
     7c4:	00567733          	and	a4,a2,t0
     7c8:	02e29463          	bne	t0,a4,7f0 <GPIO_Init+0xb0>
     7cc:	00269713          	slli	a4,a3,0x2
     7d0:	1701                	addi	a4,a4,-32
     7d2:	45bd                	li	a1,15
     7d4:	00e595b3          	sll	a1,a1,a4
     7d8:	fff5c593          	not	a1,a1
     7dc:	0075f3b3          	and	t2,a1,t2
     7e0:	00e31733          	sll	a4,t1,a4
     7e4:	007763b3          	or	t2,a4,t2
     7e8:	02879263          	bne	a5,s0,80c <GPIO_Init+0xcc>
     7ec:	00552a23          	sw	t0,20(a0)
     7f0:	0685                	addi	a3,a3,1
     7f2:	4741                	li	a4,16
     7f4:	fce695e3          	bne	a3,a4,7be <GPIO_Init+0x7e>
     7f8:	00752223          	sw	t2,4(a0)
     7fc:	4412                	lw	s0,4(sp)
     7fe:	4482                	lw	s1,0(sp)
     800:	0121                	addi	sp,sp,8
     802:	8082                	ret
     804:	f8979ce3          	bne	a5,s1,79c <GPIO_Init+0x5c>
     808:	c90c                	sw	a1,16(a0)
     80a:	bf49                	j	79c <GPIO_Init+0x5c>
     80c:	fe9792e3          	bne	a5,s1,7f0 <GPIO_Init+0xb0>
     810:	00552823          	sw	t0,16(a0)
     814:	bff1                	j	7f0 <GPIO_Init+0xb0>

00000816 <RCC_APB2PeriphClockCmd>:
     816:	c599                	beqz	a1,824 <RCC_APB2PeriphClockCmd+0xe>
     818:	40021737          	lui	a4,0x40021
     81c:	4f1c                	lw	a5,24(a4)
     81e:	8d5d                	or	a0,a0,a5
     820:	cf08                	sw	a0,24(a4)
     822:	8082                	ret
     824:	400217b7          	lui	a5,0x40021
     828:	4f98                	lw	a4,24(a5)
     82a:	fff54513          	not	a0,a0
     82e:	8d79                	and	a0,a0,a4
     830:	cf88                	sw	a0,24(a5)
     832:	8082                	ret

00000834 <_fini>:
     834:	8082                	ret

00000836 <_init>:
     836:	8082                	ret

00000838 <__muldf3>:
     838:	fc810113          	addi	sp,sp,-56
     83c:	0145d393          	srli	t2,a1,0x14
     840:	d626                	sw	s1,44(sp)
     842:	87aa                	mv	a5,a0
     844:	00c59493          	slli	s1,a1,0xc
     848:	da06                	sw	ra,52(sp)
     84a:	d822                	sw	s0,48(sp)
     84c:	7ff3f513          	andi	a0,t2,2047
     850:	80b1                	srli	s1,s1,0xc
     852:	81fd                	srli	a1,a1,0x1f
     854:	c975                	beqz	a0,948 <__muldf3+0x110>
     856:	7ff00713          	li	a4,2047
     85a:	1ae50163          	beq	a0,a4,9fc <__muldf3+0x1c4>
     85e:	01d7d713          	srli	a4,a5,0x1d
     862:	048e                	slli	s1,s1,0x3
     864:	8cd9                	or	s1,s1,a4
     866:	00800737          	lui	a4,0x800
     86a:	8f45                	or	a4,a4,s1
     86c:	00379413          	slli	s0,a5,0x3
     870:	c0150793          	addi	a5,a0,-1023
     874:	c43a                	sw	a4,8(sp)
     876:	c03e                	sw	a5,0(sp)
     878:	4481                	li	s1,0
     87a:	4301                	li	t1,0
     87c:	0146d393          	srli	t2,a3,0x14
     880:	00c69793          	slli	a5,a3,0xc
     884:	7ff3f393          	andi	t2,t2,2047
     888:	82b2                	mv	t0,a2
     88a:	83b1                	srli	a5,a5,0xc
     88c:	82fd                	srli	a3,a3,0x1f
     88e:	10038f63          	beqz	t2,9ac <__muldf3+0x174>
     892:	7ff00713          	li	a4,2047
     896:	04e38563          	beq	t2,a4,8e0 <__muldf3+0xa8>
     89a:	078e                	slli	a5,a5,0x3
     89c:	01d65713          	srli	a4,a2,0x1d
     8a0:	8f5d                	or	a4,a4,a5
     8a2:	008007b7          	lui	a5,0x800
     8a6:	8f5d                	or	a4,a4,a5
     8a8:	4782                	lw	a5,0(sp)
     8aa:	c0138393          	addi	t2,t2,-1023
     8ae:	00361293          	slli	t0,a2,0x3
     8b2:	979e                	add	a5,a5,t2
     8b4:	c03e                	sw	a5,0(sp)
     8b6:	4501                	li	a0,0
     8b8:	4382                	lw	t2,0(sp)
     8ba:	00d5c7b3          	xor	a5,a1,a3
     8be:	863e                	mv	a2,a5
     8c0:	0385                	addi	t2,t2,1
     8c2:	c23e                	sw	a5,4(sp)
     8c4:	c61e                	sw	t2,12(sp)
     8c6:	47bd                	li	a5,15
     8c8:	1897e563          	bltu	a5,s1,a52 <__muldf3+0x21a>
     8cc:	00000797          	auipc	a5,0x0
     8d0:	72c78793          	addi	a5,a5,1836 # ff8 <register_fini+0x40>
     8d4:	048a                	slli	s1,s1,0x2
     8d6:	94be                	add	s1,s1,a5
     8d8:	0004a383          	lw	t2,0(s1)
     8dc:	979e                	add	a5,a5,t2
     8de:	8782                	jr	a5
     8e0:	00c7e733          	or	a4,a5,a2
     8e4:	4602                	lw	a2,0(sp)
     8e6:	7ff60613          	addi	a2,a2,2047
     8ea:	c032                	sw	a2,0(sp)
     8ec:	14071463          	bnez	a4,a34 <__muldf3+0x1fc>
     8f0:	0024e493          	ori	s1,s1,2
     8f4:	4281                	li	t0,0
     8f6:	4509                	li	a0,2
     8f8:	b7c1                	j	8b8 <__muldf3+0x80>
     8fa:	c202                	sw	zero,4(sp)
     8fc:	7ff00713          	li	a4,2047
     900:	000807b7          	lui	a5,0x80
     904:	4401                	li	s0,0
     906:	4692                	lw	a3,4(sp)
     908:	07b2                	slli	a5,a5,0xc
     90a:	8522                	mv	a0,s0
     90c:	50d2                	lw	ra,52(sp)
     90e:	5442                	lw	s0,48(sp)
     910:	0752                	slli	a4,a4,0x14
     912:	83b1                	srli	a5,a5,0xc
     914:	06fe                	slli	a3,a3,0x1f
     916:	8fd9                	or	a5,a5,a4
     918:	8fd5                	or	a5,a5,a3
     91a:	54b2                	lw	s1,44(sp)
     91c:	85be                	mv	a1,a5
     91e:	03810113          	addi	sp,sp,56
     922:	8082                	ret
     924:	8636                	mv	a2,a3
     926:	c43a                	sw	a4,8(sp)
     928:	8416                	mv	s0,t0
     92a:	832a                	mv	t1,a0
     92c:	4789                	li	a5,2
     92e:	10f30c63          	beq	t1,a5,a46 <__muldf3+0x20e>
     932:	478d                	li	a5,3
     934:	fcf303e3          	beq	t1,a5,8fa <__muldf3+0xc2>
     938:	4785                	li	a5,1
     93a:	c232                	sw	a2,4(sp)
     93c:	46f31863          	bne	t1,a5,dac <__muldf3+0x574>
     940:	4701                	li	a4,0
     942:	4781                	li	a5,0
     944:	4401                	li	s0,0
     946:	b7c1                	j	906 <__muldf3+0xce>
     948:	00f4e733          	or	a4,s1,a5
     94c:	c43a                	sw	a4,8(sp)
     94e:	cf71                	beqz	a4,a2a <__muldf3+0x1f2>
     950:	c636                	sw	a3,12(sp)
     952:	c432                	sw	a2,8(sp)
     954:	36048d63          	beqz	s1,cce <__muldf3+0x496>
     958:	8526                	mv	a0,s1
     95a:	c23e                	sw	a5,4(sp)
     95c:	c02e                	sw	a1,0(sp)
     95e:	294d                	jal	e10 <__clzsi2>
     960:	4582                	lw	a1,0(sp)
     962:	4792                	lw	a5,4(sp)
     964:	4622                	lw	a2,8(sp)
     966:	46b2                	lw	a3,12(sp)
     968:	83aa                	mv	t2,a0
     96a:	ff550713          	addi	a4,a0,-11
     96e:	4575                	li	a0,29
     970:	ff838413          	addi	s0,t2,-8
     974:	8d19                	sub	a0,a0,a4
     976:	008494b3          	sll	s1,s1,s0
     97a:	00a7d533          	srl	a0,a5,a0
     97e:	00956733          	or	a4,a0,s1
     982:	c43a                	sw	a4,8(sp)
     984:	00879433          	sll	s0,a5,s0
     988:	c0d00513          	li	a0,-1011
     98c:	407507b3          	sub	a5,a0,t2
     990:	0146d393          	srli	t2,a3,0x14
     994:	c03e                	sw	a5,0(sp)
     996:	7ff3f393          	andi	t2,t2,2047
     99a:	00c69793          	slli	a5,a3,0xc
     99e:	4481                	li	s1,0
     9a0:	4301                	li	t1,0
     9a2:	82b2                	mv	t0,a2
     9a4:	83b1                	srli	a5,a5,0xc
     9a6:	82fd                	srli	a3,a3,0x1f
     9a8:	ee0395e3          	bnez	t2,892 <__muldf3+0x5a>
     9ac:	00c7e733          	or	a4,a5,a2
     9b0:	c32d                	beqz	a4,a12 <__muldf3+0x1da>
     9b2:	2e078663          	beqz	a5,c9e <__muldf3+0x466>
     9b6:	853e                	mv	a0,a5
     9b8:	cc32                	sw	a2,24(sp)
     9ba:	ca36                	sw	a3,20(sp)
     9bc:	c81a                	sw	t1,16(sp)
     9be:	c62e                	sw	a1,12(sp)
     9c0:	c23e                	sw	a5,4(sp)
     9c2:	21b9                	jal	e10 <__clzsi2>
     9c4:	4792                	lw	a5,4(sp)
     9c6:	45b2                	lw	a1,12(sp)
     9c8:	4342                	lw	t1,16(sp)
     9ca:	46d2                	lw	a3,20(sp)
     9cc:	4662                	lw	a2,24(sp)
     9ce:	83aa                	mv	t2,a0
     9d0:	ff550713          	addi	a4,a0,-11
     9d4:	4575                	li	a0,29
     9d6:	ff838293          	addi	t0,t2,-8
     9da:	40e50733          	sub	a4,a0,a4
     9de:	005797b3          	sll	a5,a5,t0
     9e2:	00e65733          	srl	a4,a2,a4
     9e6:	8f5d                	or	a4,a4,a5
     9e8:	005612b3          	sll	t0,a2,t0
     9ec:	4782                	lw	a5,0(sp)
     9ee:	4501                	li	a0,0
     9f0:	407783b3          	sub	t2,a5,t2
     9f4:	c0d38793          	addi	a5,t2,-1011
     9f8:	c03e                	sw	a5,0(sp)
     9fa:	bd7d                	j	8b8 <__muldf3+0x80>
     9fc:	843e                	mv	s0,a5
     9fe:	8fc5                	or	a5,a5,s1
     a00:	c43e                	sw	a5,8(sp)
     a02:	ef89                	bnez	a5,a1c <__muldf3+0x1e4>
     a04:	7ff00793          	li	a5,2047
     a08:	44a1                	li	s1,8
     a0a:	4401                	li	s0,0
     a0c:	c03e                	sw	a5,0(sp)
     a0e:	4309                	li	t1,2
     a10:	b5b5                	j	87c <__muldf3+0x44>
     a12:	0014e493          	ori	s1,s1,1
     a16:	4281                	li	t0,0
     a18:	4505                	li	a0,1
     a1a:	bd79                	j	8b8 <__muldf3+0x80>
     a1c:	7ff00793          	li	a5,2047
     a20:	c426                	sw	s1,8(sp)
     a22:	c03e                	sw	a5,0(sp)
     a24:	44b1                	li	s1,12
     a26:	430d                	li	t1,3
     a28:	bd91                	j	87c <__muldf3+0x44>
     a2a:	4491                	li	s1,4
     a2c:	4401                	li	s0,0
     a2e:	c002                	sw	zero,0(sp)
     a30:	4305                	li	t1,1
     a32:	b5a9                	j	87c <__muldf3+0x44>
     a34:	0034e493          	ori	s1,s1,3
     a38:	873e                	mv	a4,a5
     a3a:	450d                	li	a0,3
     a3c:	bdb5                	j	8b8 <__muldf3+0x80>
     a3e:	4789                	li	a5,2
     a40:	862e                	mv	a2,a1
     a42:	eef318e3          	bne	t1,a5,932 <__muldf3+0xfa>
     a46:	c232                	sw	a2,4(sp)
     a48:	7ff00713          	li	a4,2047
     a4c:	4781                	li	a5,0
     a4e:	4401                	li	s0,0
     a50:	bd5d                	j	906 <__muldf3+0xce>
     a52:	64c1                	lui	s1,0x10
     a54:	fff48693          	addi	a3,s1,-1 # ffff <__fini_array_end+0xeebf>
     a58:	00d477b3          	and	a5,s0,a3
     a5c:	00d2f6b3          	and	a3,t0,a3
     a60:	83b6                	mv	t2,a3
     a62:	d036                	sw	a3,32(sp)
     a64:	8041                	srli	s0,s0,0x10
     a66:	0102d293          	srli	t0,t0,0x10
     a6a:	853e                	mv	a0,a5
     a6c:	85b6                	mv	a1,a3
     a6e:	e46ff0ef          	jal	ra,b4 <__mulsi3>
     a72:	832a                	mv	t1,a0
     a74:	c816                	sw	t0,16(sp)
     a76:	8596                	mv	a1,t0
     a78:	853e                	mv	a0,a5
     a7a:	e3aff0ef          	jal	ra,b4 <__mulsi3>
     a7e:	82aa                	mv	t0,a0
     a80:	859e                	mv	a1,t2
     a82:	8522                	mv	a0,s0
     a84:	e30ff0ef          	jal	ra,b4 <__mulsi3>
     a88:	83aa                	mv	t2,a0
     a8a:	45c2                	lw	a1,16(sp)
     a8c:	8522                	mv	a0,s0
     a8e:	e26ff0ef          	jal	ra,b4 <__mulsi3>
     a92:	01035693          	srli	a3,t1,0x10
     a96:	929e                	add	t0,t0,t2
     a98:	92b6                	add	t0,t0,a3
     a9a:	cc2a                	sw	a0,24(sp)
     a9c:	0072f563          	bgeu	t0,t2,aa6 <__muldf3+0x26e>
     aa0:	009506b3          	add	a3,a0,s1
     aa4:	cc36                	sw	a3,24(sp)
     aa6:	63c1                	lui	t2,0x10
     aa8:	fff38493          	addi	s1,t2,-1 # ffff <__fini_array_end+0xeebf>
     aac:	0092f6b3          	and	a3,t0,s1
     ab0:	00937333          	and	t1,t1,s1
     ab4:	06c2                	slli	a3,a3,0x10
     ab6:	8cf9                	and	s1,s1,a4
     ab8:	969a                	add	a3,a3,t1
     aba:	8341                	srli	a4,a4,0x10
     abc:	0102d293          	srli	t0,t0,0x10
     ac0:	ce36                	sw	a3,28(sp)
     ac2:	833a                	mv	t1,a4
     ac4:	853e                	mv	a0,a5
     ac6:	85a6                	mv	a1,s1
     ac8:	decff0ef          	jal	ra,b4 <__mulsi3>
     acc:	872a                	mv	a4,a0
     ace:	ca1a                	sw	t1,20(sp)
     ad0:	859a                	mv	a1,t1
     ad2:	853e                	mv	a0,a5
     ad4:	de0ff0ef          	jal	ra,b4 <__mulsi3>
     ad8:	87aa                	mv	a5,a0
     ada:	85a6                	mv	a1,s1
     adc:	8522                	mv	a0,s0
     ade:	dd6ff0ef          	jal	ra,b4 <__mulsi3>
     ae2:	832a                	mv	t1,a0
     ae4:	45d2                	lw	a1,20(sp)
     ae6:	8522                	mv	a0,s0
     ae8:	dccff0ef          	jal	ra,b4 <__mulsi3>
     aec:	01075693          	srli	a3,a4,0x10
     af0:	979a                	add	a5,a5,t1
     af2:	97b6                	add	a5,a5,a3
     af4:	0067f363          	bgeu	a5,t1,afa <__muldf3+0x2c2>
     af8:	951e                	add	a0,a0,t2
     afa:	6441                	lui	s0,0x10
     afc:	fff40613          	addi	a2,s0,-1 # ffff <__fini_array_end+0xeebf>
     b00:	00c7f5b3          	and	a1,a5,a2
     b04:	8f71                	and	a4,a4,a2
     b06:	05c2                	slli	a1,a1,0x10
     b08:	0107d693          	srli	a3,a5,0x10
     b0c:	00e587b3          	add	a5,a1,a4
     b10:	45a2                	lw	a1,8(sp)
     b12:	5382                	lw	t2,32(sp)
     b14:	96aa                	add	a3,a3,a0
     b16:	00c5f733          	and	a4,a1,a2
     b1a:	d43e                	sw	a5,40(sp)
     b1c:	9796                	add	a5,a5,t0
     b1e:	c43e                	sw	a5,8(sp)
     b20:	d236                	sw	a3,36(sp)
     b22:	0105d793          	srli	a5,a1,0x10
     b26:	853a                	mv	a0,a4
     b28:	859e                	mv	a1,t2
     b2a:	d8aff0ef          	jal	ra,b4 <__mulsi3>
     b2e:	832a                	mv	t1,a0
     b30:	45c2                	lw	a1,16(sp)
     b32:	853a                	mv	a0,a4
     b34:	d80ff0ef          	jal	ra,b4 <__mulsi3>
     b38:	82aa                	mv	t0,a0
     b3a:	859e                	mv	a1,t2
     b3c:	853e                	mv	a0,a5
     b3e:	d76ff0ef          	jal	ra,b4 <__mulsi3>
     b42:	83aa                	mv	t2,a0
     b44:	45c2                	lw	a1,16(sp)
     b46:	853e                	mv	a0,a5
     b48:	d6cff0ef          	jal	ra,b4 <__mulsi3>
     b4c:	01035693          	srli	a3,t1,0x10
     b50:	929e                	add	t0,t0,t2
     b52:	92b6                	add	t0,t0,a3
     b54:	0072f363          	bgeu	t0,t2,b5a <__muldf3+0x322>
     b58:	9522                	add	a0,a0,s0
     b5a:	66c1                	lui	a3,0x10
     b5c:	16fd                	addi	a3,a3,-1
     b5e:	00d2f3b3          	and	t2,t0,a3
     b62:	00d37333          	and	t1,t1,a3
     b66:	0102d293          	srli	t0,t0,0x10
     b6a:	03c2                	slli	t2,t2,0x10
     b6c:	00a28433          	add	s0,t0,a0
     b70:	939a                	add	t2,t2,t1
     b72:	853a                	mv	a0,a4
     b74:	85a6                	mv	a1,s1
     b76:	d3eff0ef          	jal	ra,b4 <__mulsi3>
     b7a:	832a                	mv	t1,a0
     b7c:	45d2                	lw	a1,20(sp)
     b7e:	853a                	mv	a0,a4
     b80:	d34ff0ef          	jal	ra,b4 <__mulsi3>
     b84:	872a                	mv	a4,a0
     b86:	85a6                	mv	a1,s1
     b88:	853e                	mv	a0,a5
     b8a:	d2aff0ef          	jal	ra,b4 <__mulsi3>
     b8e:	82aa                	mv	t0,a0
     b90:	45d2                	lw	a1,20(sp)
     b92:	853e                	mv	a0,a5
     b94:	d20ff0ef          	jal	ra,b4 <__mulsi3>
     b98:	01035793          	srli	a5,t1,0x10
     b9c:	9716                	add	a4,a4,t0
     b9e:	973e                	add	a4,a4,a5
     ba0:	00577463          	bgeu	a4,t0,ba8 <__muldf3+0x370>
     ba4:	66c1                	lui	a3,0x10
     ba6:	9536                	add	a0,a0,a3
     ba8:	66c1                	lui	a3,0x10
     baa:	16fd                	addi	a3,a3,-1
     bac:	00d777b3          	and	a5,a4,a3
     bb0:	07c2                	slli	a5,a5,0x10
     bb2:	00d376b3          	and	a3,t1,a3
     bb6:	4622                	lw	a2,8(sp)
     bb8:	45e2                	lw	a1,24(sp)
     bba:	5312                	lw	t1,36(sp)
     bbc:	96be                	add	a3,a3,a5
     bbe:	57a2                	lw	a5,40(sp)
     bc0:	962e                	add	a2,a2,a1
     bc2:	969a                	add	a3,a3,t1
     bc4:	00f634b3          	sltu	s1,a2,a5
     bc8:	009687b3          	add	a5,a3,s1
     bcc:	961e                	add	a2,a2,t2
     bce:	008785b3          	add	a1,a5,s0
     bd2:	007633b3          	sltu	t2,a2,t2
     bd6:	007582b3          	add	t0,a1,t2
     bda:	0066b6b3          	sltu	a3,a3,t1
     bde:	0097b7b3          	sltu	a5,a5,s1
     be2:	8edd                	or	a3,a3,a5
     be4:	0085b5b3          	sltu	a1,a1,s0
     be8:	0072b3b3          	sltu	t2,t0,t2
     bec:	8341                	srli	a4,a4,0x10
     bee:	47f2                	lw	a5,28(sp)
     bf0:	96ba                	add	a3,a3,a4
     bf2:	0075e3b3          	or	t2,a1,t2
     bf6:	969e                	add	a3,a3,t2
     bf8:	00961313          	slli	t1,a2,0x9
     bfc:	9536                	add	a0,a0,a3
     bfe:	00f36433          	or	s0,t1,a5
     c02:	0526                	slli	a0,a0,0x9
     c04:	0172d793          	srli	a5,t0,0x17
     c08:	00f566b3          	or	a3,a0,a5
     c0c:	00803433          	snez	s0,s0
     c10:	825d                	srli	a2,a2,0x17
     c12:	8c51                	or	s0,s0,a2
     c14:	02a6                	slli	t0,t0,0x9
     c16:	c436                	sw	a3,8(sp)
     c18:	00769793          	slli	a5,a3,0x7
     c1c:	00546433          	or	s0,s0,t0
     c20:	0007de63          	bgez	a5,c3c <__muldf3+0x404>
     c24:	00145793          	srli	a5,s0,0x1
     c28:	8805                	andi	s0,s0,1
     c2a:	8c5d                	or	s0,s0,a5
     c2c:	0016d793          	srli	a5,a3,0x1
     c30:	c43e                	sw	a5,8(sp)
     c32:	47b2                	lw	a5,12(sp)
     c34:	01f69713          	slli	a4,a3,0x1f
     c38:	8c59                	or	s0,s0,a4
     c3a:	c03e                	sw	a5,0(sp)
     c3c:	4782                	lw	a5,0(sp)
     c3e:	3ff78713          	addi	a4,a5,1023 # 803ff <__fini_array_end+0x7f2bf>
     c42:	0ae05b63          	blez	a4,cf8 <__muldf3+0x4c0>
     c46:	00747793          	andi	a5,s0,7
     c4a:	cf91                	beqz	a5,c66 <__muldf3+0x42e>
     c4c:	00f47793          	andi	a5,s0,15
     c50:	4691                	li	a3,4
     c52:	00d78a63          	beq	a5,a3,c66 <__muldf3+0x42e>
     c56:	46a2                	lw	a3,8(sp)
     c58:	00440793          	addi	a5,s0,4
     c5c:	0087b433          	sltu	s0,a5,s0
     c60:	96a2                	add	a3,a3,s0
     c62:	c436                	sw	a3,8(sp)
     c64:	843e                	mv	s0,a5
     c66:	46a2                	lw	a3,8(sp)
     c68:	00769793          	slli	a5,a3,0x7
     c6c:	0007da63          	bgez	a5,c80 <__muldf3+0x448>
     c70:	ff0007b7          	lui	a5,0xff000
     c74:	17fd                	addi	a5,a5,-1
     c76:	8ff5                	and	a5,a5,a3
     c78:	c43e                	sw	a5,8(sp)
     c7a:	4782                	lw	a5,0(sp)
     c7c:	40078713          	addi	a4,a5,1024 # ff000400 <__global_pointer$+0xdefffc00>
     c80:	7fe00793          	li	a5,2046
     c84:	10e7cf63          	blt	a5,a4,da2 <__muldf3+0x56a>
     c88:	47a2                	lw	a5,8(sp)
     c8a:	00345693          	srli	a3,s0,0x3
     c8e:	7ff77713          	andi	a4,a4,2047
     c92:	01d79413          	slli	s0,a5,0x1d
     c96:	07a6                	slli	a5,a5,0x9
     c98:	8c55                	or	s0,s0,a3
     c9a:	83b1                	srli	a5,a5,0xc
     c9c:	b1ad                	j	906 <__muldf3+0xce>
     c9e:	8532                	mv	a0,a2
     ca0:	cc3e                	sw	a5,24(sp)
     ca2:	ca36                	sw	a3,20(sp)
     ca4:	c81a                	sw	t1,16(sp)
     ca6:	c62e                	sw	a1,12(sp)
     ca8:	c232                	sw	a2,4(sp)
     caa:	229d                	jal	e10 <__clzsi2>
     cac:	01550713          	addi	a4,a0,21
     cb0:	42f1                	li	t0,28
     cb2:	02050393          	addi	t2,a0,32
     cb6:	4612                	lw	a2,4(sp)
     cb8:	45b2                	lw	a1,12(sp)
     cba:	4342                	lw	t1,16(sp)
     cbc:	46d2                	lw	a3,20(sp)
     cbe:	47e2                	lw	a5,24(sp)
     cc0:	d0e2dae3          	bge	t0,a4,9d4 <__muldf3+0x19c>
     cc4:	1561                	addi	a0,a0,-8
     cc6:	00a61733          	sll	a4,a2,a0
     cca:	4281                	li	t0,0
     ccc:	b305                	j	9ec <__muldf3+0x1b4>
     cce:	853e                	mv	a0,a5
     cd0:	c22e                	sw	a1,4(sp)
     cd2:	c03e                	sw	a5,0(sp)
     cd4:	2a35                	jal	e10 <__clzsi2>
     cd6:	01550713          	addi	a4,a0,21
     cda:	4371                	li	t1,28
     cdc:	02050393          	addi	t2,a0,32
     ce0:	4782                	lw	a5,0(sp)
     ce2:	4592                	lw	a1,4(sp)
     ce4:	4622                	lw	a2,8(sp)
     ce6:	46b2                	lw	a3,12(sp)
     ce8:	c8e353e3          	bge	t1,a4,96e <__muldf3+0x136>
     cec:	1561                	addi	a0,a0,-8
     cee:	00a797b3          	sll	a5,a5,a0
     cf2:	c43e                	sw	a5,8(sp)
     cf4:	4401                	li	s0,0
     cf6:	b949                	j	988 <__muldf3+0x150>
     cf8:	4785                	li	a5,1
     cfa:	8f99                	sub	a5,a5,a4
     cfc:	e739                	bnez	a4,d4a <__muldf3+0x512>
     cfe:	4702                	lw	a4,0(sp)
     d00:	4622                	lw	a2,8(sp)
     d02:	41e70513          	addi	a0,a4,1054 # 80041e <__fini_array_end+0x7ff2de>
     d06:	00a41733          	sll	a4,s0,a0
     d0a:	00a61533          	sll	a0,a2,a0
     d0e:	00f45433          	srl	s0,s0,a5
     d12:	00e03733          	snez	a4,a4
     d16:	8c49                	or	s0,s0,a0
     d18:	8c59                	or	s0,s0,a4
     d1a:	00747693          	andi	a3,s0,7
     d1e:	00f65733          	srl	a4,a2,a5
     d22:	ce81                	beqz	a3,d3a <__muldf3+0x502>
     d24:	00f47793          	andi	a5,s0,15
     d28:	4691                	li	a3,4
     d2a:	00d78863          	beq	a5,a3,d3a <__muldf3+0x502>
     d2e:	00440793          	addi	a5,s0,4
     d32:	0087b433          	sltu	s0,a5,s0
     d36:	9722                	add	a4,a4,s0
     d38:	843e                	mv	s0,a5
     d3a:	00871793          	slli	a5,a4,0x8
     d3e:	0407da63          	bgez	a5,d92 <__muldf3+0x55a>
     d42:	4705                	li	a4,1
     d44:	4781                	li	a5,0
     d46:	4401                	li	s0,0
     d48:	be7d                	j	906 <__muldf3+0xce>
     d4a:	03800693          	li	a3,56
     d4e:	bef6c9e3          	blt	a3,a5,940 <__muldf3+0x108>
     d52:	46fd                	li	a3,31
     d54:	faf6d5e3          	bge	a3,a5,cfe <__muldf3+0x4c6>
     d58:	4622                	lw	a2,8(sp)
     d5a:	5685                	li	a3,-31
     d5c:	40e68733          	sub	a4,a3,a4
     d60:	02000693          	li	a3,32
     d64:	00e65733          	srl	a4,a2,a4
     d68:	00d78863          	beq	a5,a3,d78 <__muldf3+0x540>
     d6c:	4782                	lw	a5,0(sp)
     d6e:	43e78793          	addi	a5,a5,1086
     d72:	00f617b3          	sll	a5,a2,a5
     d76:	8c5d                	or	s0,s0,a5
     d78:	00803433          	snez	s0,s0
     d7c:	8c59                	or	s0,s0,a4
     d7e:	00747713          	andi	a4,s0,7
     d82:	4781                	li	a5,0
     d84:	cb19                	beqz	a4,d9a <__muldf3+0x562>
     d86:	00f47793          	andi	a5,s0,15
     d8a:	4691                	li	a3,4
     d8c:	4701                	li	a4,0
     d8e:	fad790e3          	bne	a5,a3,d2e <__muldf3+0x4f6>
     d92:	00971793          	slli	a5,a4,0x9
     d96:	83b1                	srli	a5,a5,0xc
     d98:	0776                	slli	a4,a4,0x1d
     d9a:	800d                	srli	s0,s0,0x3
     d9c:	8c59                	or	s0,s0,a4
     d9e:	4701                	li	a4,0
     da0:	b69d                	j	906 <__muldf3+0xce>
     da2:	7ff00713          	li	a4,2047
     da6:	4781                	li	a5,0
     da8:	4401                	li	s0,0
     daa:	beb1                	j	906 <__muldf3+0xce>
     dac:	47b2                	lw	a5,12(sp)
     dae:	c03e                	sw	a5,0(sp)
     db0:	b571                	j	c3c <__muldf3+0x404>

00000db2 <__fixunsdfsi>:
     db2:	0145d793          	srli	a5,a1,0x14
     db6:	00100337          	lui	t1,0x100
     dba:	fff30713          	addi	a4,t1,-1 # fffff <__fini_array_end+0xfeebf>
     dbe:	7ff7f793          	andi	a5,a5,2047
     dc2:	3fe00693          	li	a3,1022
     dc6:	00b77633          	and	a2,a4,a1
     dca:	81fd                	srli	a1,a1,0x1f
     dcc:	4701                	li	a4,0
     dce:	00f6d363          	bge	a3,a5,dd4 <__fixunsdfsi+0x22>
     dd2:	c199                	beqz	a1,dd8 <__fixunsdfsi+0x26>
     dd4:	853a                	mv	a0,a4
     dd6:	8082                	ret
     dd8:	41e00693          	li	a3,1054
     ddc:	577d                	li	a4,-1
     dde:	fef6cbe3          	blt	a3,a5,dd4 <__fixunsdfsi+0x22>
     de2:	43300693          	li	a3,1075
     de6:	8e9d                	sub	a3,a3,a5
     de8:	45fd                	li	a1,31
     dea:	00666733          	or	a4,a2,t1
     dee:	00d5ca63          	blt	a1,a3,e02 <__fixunsdfsi+0x50>
     df2:	bed78793          	addi	a5,a5,-1043
     df6:	00f71733          	sll	a4,a4,a5
     dfa:	00d55533          	srl	a0,a0,a3
     dfe:	8f49                	or	a4,a4,a0
     e00:	bfd1                	j	dd4 <__fixunsdfsi+0x22>
     e02:	41300513          	li	a0,1043
     e06:	40f507b3          	sub	a5,a0,a5
     e0a:	00f75733          	srl	a4,a4,a5
     e0e:	b7d9                	j	dd4 <__fixunsdfsi+0x22>

00000e10 <__clzsi2>:
     e10:	67c1                	lui	a5,0x10
     e12:	02f57c63          	bgeu	a0,a5,e4a <__clzsi2+0x3a>
     e16:	0ff00793          	li	a5,255
     e1a:	02000713          	li	a4,32
     e1e:	00a7eb63          	bltu	a5,a0,e34 <__clzsi2+0x24>
     e22:	00000797          	auipc	a5,0x0
     e26:	21678793          	addi	a5,a5,534 # 1038 <__clz_tab>
     e2a:	97aa                	add	a5,a5,a0
     e2c:	2388                	lbu	a0,0(a5)
     e2e:	40a70533          	sub	a0,a4,a0
     e32:	8082                	ret
     e34:	8121                	srli	a0,a0,0x8
     e36:	00000797          	auipc	a5,0x0
     e3a:	20278793          	addi	a5,a5,514 # 1038 <__clz_tab>
     e3e:	97aa                	add	a5,a5,a0
     e40:	2388                	lbu	a0,0(a5)
     e42:	4761                	li	a4,24
     e44:	40a70533          	sub	a0,a4,a0
     e48:	8082                	ret
     e4a:	010007b7          	lui	a5,0x1000
     e4e:	00f56d63          	bltu	a0,a5,e68 <__clzsi2+0x58>
     e52:	8161                	srli	a0,a0,0x18
     e54:	00000797          	auipc	a5,0x0
     e58:	1e478793          	addi	a5,a5,484 # 1038 <__clz_tab>
     e5c:	97aa                	add	a5,a5,a0
     e5e:	2388                	lbu	a0,0(a5)
     e60:	4721                	li	a4,8
     e62:	40a70533          	sub	a0,a4,a0
     e66:	8082                	ret
     e68:	8141                	srli	a0,a0,0x10
     e6a:	00000797          	auipc	a5,0x0
     e6e:	1ce78793          	addi	a5,a5,462 # 1038 <__clz_tab>
     e72:	97aa                	add	a5,a5,a0
     e74:	2388                	lbu	a0,0(a5)
     e76:	4741                	li	a4,16
     e78:	40a70533          	sub	a0,a4,a0
     e7c:	8082                	ret

00000e7e <atexit>:
     e7e:	85aa                	mv	a1,a0
     e80:	4681                	li	a3,0
     e82:	4601                	li	a2,0
     e84:	4501                	li	a0,0
     e86:	a845                	j	f36 <__register_exitproc>

00000e88 <__libc_fini_array>:
     e88:	1151                	addi	sp,sp,-12
     e8a:	00000797          	auipc	a5,0x0
     e8e:	2b678793          	addi	a5,a5,694 # 1140 <__fini_array_end>
     e92:	c222                	sw	s0,4(sp)
     e94:	00000417          	auipc	s0,0x0
     e98:	2ac40413          	addi	s0,s0,684 # 1140 <__fini_array_end>
     e9c:	8c1d                	sub	s0,s0,a5
     e9e:	c026                	sw	s1,0(sp)
     ea0:	c406                	sw	ra,8(sp)
     ea2:	8409                	srai	s0,s0,0x2
     ea4:	84be                	mv	s1,a5
     ea6:	e411                	bnez	s0,eb2 <__libc_fini_array+0x2a>
     ea8:	4412                	lw	s0,4(sp)
     eaa:	40a2                	lw	ra,8(sp)
     eac:	4482                	lw	s1,0(sp)
     eae:	0131                	addi	sp,sp,12
     eb0:	b251                	j	834 <_fini>
     eb2:	147d                	addi	s0,s0,-1
     eb4:	00241793          	slli	a5,s0,0x2
     eb8:	97a6                	add	a5,a5,s1
     eba:	439c                	lw	a5,0(a5)
     ebc:	9782                	jalr	a5
     ebe:	b7e5                	j	ea6 <__libc_fini_array+0x1e>

00000ec0 <__libc_init_array>:
     ec0:	1151                	addi	sp,sp,-12
     ec2:	c222                	sw	s0,4(sp)
     ec4:	00000797          	auipc	a5,0x0
     ec8:	27478793          	addi	a5,a5,628 # 1138 <__preinit_array_end>
     ecc:	00000417          	auipc	s0,0x0
     ed0:	26c40413          	addi	s0,s0,620 # 1138 <__preinit_array_end>
     ed4:	8c1d                	sub	s0,s0,a5
     ed6:	c026                	sw	s1,0(sp)
     ed8:	c406                	sw	ra,8(sp)
     eda:	8409                	srai	s0,s0,0x2
     edc:	4481                	li	s1,0
     ede:	02849663          	bne	s1,s0,f0a <__libc_init_array+0x4a>
     ee2:	955ff0ef          	jal	ra,836 <_init>
     ee6:	00000797          	auipc	a5,0x0
     eea:	25278793          	addi	a5,a5,594 # 1138 <__preinit_array_end>
     eee:	00000417          	auipc	s0,0x0
     ef2:	25240413          	addi	s0,s0,594 # 1140 <__fini_array_end>
     ef6:	8c1d                	sub	s0,s0,a5
     ef8:	8409                	srai	s0,s0,0x2
     efa:	4481                	li	s1,0
     efc:	02849263          	bne	s1,s0,f20 <__libc_init_array+0x60>
     f00:	40a2                	lw	ra,8(sp)
     f02:	4412                	lw	s0,4(sp)
     f04:	4482                	lw	s1,0(sp)
     f06:	0131                	addi	sp,sp,12
     f08:	8082                	ret
     f0a:	00249713          	slli	a4,s1,0x2
     f0e:	973e                	add	a4,a4,a5
     f10:	4318                	lw	a4,0(a4)
     f12:	0485                	addi	s1,s1,1
     f14:	9702                	jalr	a4
     f16:	00000797          	auipc	a5,0x0
     f1a:	22278793          	addi	a5,a5,546 # 1138 <__preinit_array_end>
     f1e:	b7c1                	j	ede <__libc_init_array+0x1e>
     f20:	00249713          	slli	a4,s1,0x2
     f24:	973e                	add	a4,a4,a5
     f26:	4318                	lw	a4,0(a4)
     f28:	0485                	addi	s1,s1,1
     f2a:	9702                	jalr	a4
     f2c:	00000797          	auipc	a5,0x0
     f30:	20c78793          	addi	a5,a5,524 # 1138 <__preinit_array_end>
     f34:	b7e1                	j	efc <__libc_init_array+0x3c>

00000f36 <__register_exitproc>:
     f36:	1ffff797          	auipc	a5,0x1ffff
     f3a:	0ca78793          	addi	a5,a5,202 # 20000000 <_data_vma>
     f3e:	439c                	lw	a5,0(a5)
     f40:	83aa                	mv	t2,a0
     f42:	e38d                	bnez	a5,f64 <__register_exitproc+0x2e>
     f44:	d9c18713          	addi	a4,gp,-612 # 2000059c <_global_atexit0>
     f48:	1ffff797          	auipc	a5,0x1ffff
     f4c:	0ae7ac23          	sw	a4,184(a5) # 20000000 <_data_vma>
     f50:	fffff517          	auipc	a0,0xfffff
     f54:	0b050513          	addi	a0,a0,176 # 0 <_sinit>
     f58:	87ba                	mv	a5,a4
     f5a:	c509                	beqz	a0,f64 <__register_exitproc+0x2e>
     f5c:	411c                	lw	a5,0(a0)
     f5e:	e2f1a223          	sw	a5,-476(gp) # 20000624 <_global_atexit0+0x88>
     f62:	87ba                	mv	a5,a4
     f64:	43d8                	lw	a4,4(a5)
     f66:	437d                	li	t1,31
     f68:	557d                	li	a0,-1
     f6a:	04e34663          	blt	t1,a4,fb6 <__register_exitproc+0x80>
     f6e:	02038d63          	beqz	t2,fa8 <__register_exitproc+0x72>
     f72:	0887a303          	lw	t1,136(a5)
     f76:	04030063          	beqz	t1,fb6 <__register_exitproc+0x80>
     f7a:	00271293          	slli	t0,a4,0x2
     f7e:	929a                	add	t0,t0,t1
     f80:	00c2a023          	sw	a2,0(t0)
     f84:	10032503          	lw	a0,256(t1)
     f88:	4605                	li	a2,1
     f8a:	00e61633          	sll	a2,a2,a4
     f8e:	8d51                	or	a0,a0,a2
     f90:	10a32023          	sw	a0,256(t1)
     f94:	08d2a023          	sw	a3,128(t0)
     f98:	4689                	li	a3,2
     f9a:	00d39763          	bne	t2,a3,fa8 <__register_exitproc+0x72>
     f9e:	10432683          	lw	a3,260(t1)
     fa2:	8e55                	or	a2,a2,a3
     fa4:	10c32223          	sw	a2,260(t1)
     fa8:	00170693          	addi	a3,a4,1
     fac:	070a                	slli	a4,a4,0x2
     fae:	c3d4                	sw	a3,4(a5)
     fb0:	97ba                	add	a5,a5,a4
     fb2:	c78c                	sw	a1,8(a5)
     fb4:	4501                	li	a0,0
     fb6:	8082                	ret

00000fb8 <register_fini>:
     fb8:	fffff797          	auipc	a5,0xfffff
     fbc:	04878793          	addi	a5,a5,72 # 0 <_sinit>
     fc0:	c791                	beqz	a5,fcc <register_fini+0x14>
     fc2:	00000517          	auipc	a0,0x0
     fc6:	ec650513          	addi	a0,a0,-314 # e88 <__libc_fini_array>
     fca:	bd55                	j	e7e <atexit>
     fcc:	8082                	ret
     fce:	0000                	unimp
     fd0:	0000                	unimp
     fd2:	0000                	unimp
     fd4:	e000                	fsw	fs0,0(s0)
     fd6:	0000406f          	j	4fd6 <__fini_array_end+0x3e96>
     fda:	0000                	unimp
     fdc:	0000                	unimp
     fde:	3ff0                	lbu	a2,31(a5)
     fe0:	0000                	unimp
     fe2:	0000                	unimp
     fe4:	0000                	unimp
     fe6:	3fb0                	lbu	a2,27(a5)
     fe8:	0a1a                	slli	s4,s4,0x6
     fea:	3ae9                	jal	9c4 <__muldf3+0x18c>
     fec:	a09e                	sh	a5,0(s1)
     fee:	3fe6                	lhu	s1,62(a5)
     ff0:	0000                	unimp
     ff2:	0000                	unimp
     ff4:	0000                	unimp
     ff6:	4018                	lw	a4,0(s0)
     ff8:	fa5a                	fsw	fs6,52(sp)
     ffa:	ffff                	0xffff
     ffc:	f92e                	fsw	fa1,176(sp)
     ffe:	ffff                	0xffff
    1000:	f92e                	fsw	fa1,176(sp)
    1002:	ffff                	0xffff
    1004:	f92c                	fsw	fa1,112(a0)
    1006:	ffff                	0xffff
    1008:	f934                	fsw	fa3,112(a0)
    100a:	ffff                	0xffff
    100c:	f934                	fsw	fa3,112(a0)
    100e:	ffff                	0xffff
    1010:	f902                	fsw	ft0,176(sp)
    1012:	ffff                	0xffff
    1014:	f92c                	fsw	fa1,112(a0)
    1016:	ffff                	0xffff
    1018:	f934                	fsw	fa3,112(a0)
    101a:	ffff                	0xffff
    101c:	f902                	fsw	ft0,176(sp)
    101e:	ffff                	0xffff
    1020:	f934                	fsw	fa3,112(a0)
    1022:	ffff                	0xffff
    1024:	f92c                	fsw	fa1,112(a0)
    1026:	ffff                	0xffff
    1028:	fa46                	fsw	fa7,52(sp)
    102a:	ffff                	0xffff
    102c:	fa46                	fsw	fa7,52(sp)
    102e:	ffff                	0xffff
    1030:	fa46                	fsw	fa7,52(sp)
    1032:	ffff                	0xffff
    1034:	f902                	fsw	ft0,176(sp)
    1036:	ffff                	0xffff

00001038 <__clz_tab>:
    1038:	0100 0202 0303 0303 0404 0404 0404 0404     ................
    1048:	0505 0505 0505 0505 0505 0505 0505 0505     ................
    1058:	0606 0606 0606 0606 0606 0606 0606 0606     ................
    1068:	0606 0606 0606 0606 0606 0606 0606 0606     ................
    1078:	0707 0707 0707 0707 0707 0707 0707 0707     ................
    1088:	0707 0707 0707 0707 0707 0707 0707 0707     ................
    1098:	0707 0707 0707 0707 0707 0707 0707 0707     ................
    10a8:	0707 0707 0707 0707 0707 0707 0707 0707     ................
    10b8:	0808 0808 0808 0808 0808 0808 0808 0808     ................
    10c8:	0808 0808 0808 0808 0808 0808 0808 0808     ................
    10d8:	0808 0808 0808 0808 0808 0808 0808 0808     ................
    10e8:	0808 0808 0808 0808 0808 0808 0808 0808     ................
    10f8:	0808 0808 0808 0808 0808 0808 0808 0808     ................
    1108:	0808 0808 0808 0808 0808 0808 0808 0808     ................
    1118:	0808 0808 0808 0808 0808 0808 0808 0808     ................
    1128:	0808 0808 0808 0808 0808 0808 0808 0808     ................
