GowinSynthesis start
Running parser ...
Analyzing Verilog file 'C:\Users\phili\workspace\ch32v003-16x8-SPI-RGB-LED-Matrix\control_blocks\src\dvi_rx\dvi_rx.v'
Compiling module 'DVI_RX_Top'("C:\Users\phili\workspace\ch32v003-16x8-SPI-RGB-LED-Matrix\control_blocks\src\dvi_rx\dvi_rx.v":2928)
Compiling module '**'("C:\Users\phili\workspace\ch32v003-16x8-SPI-RGB-LED-Matrix\control_blocks\src\dvi_rx\dvi_rx.v":2927)
NOTE  (EX0101) : Current top module is "DVI_RX_Top"
[5%] Running netlist conversion ...
Running device independent optimization ...
[10%] Optimizing Phase 0 completed
[15%] Optimizing Phase 1 completed
[25%] Optimizing Phase 2 completed
Running inference ...
[30%] Inferring Phase 0 completed
[40%] Inferring Phase 1 completed
[50%] Inferring Phase 2 completed
[55%] Inferring Phase 3 completed
Running technical mapping ...
[60%] Tech-Mapping Phase 0 completed
[65%] Tech-Mapping Phase 1 completed
[75%] Tech-Mapping Phase 2 completed
[80%] Tech-Mapping Phase 3 completed
[90%] Tech-Mapping Phase 4 completed
[95%] Generate netlist file "C:\Users\phili\workspace\ch32v003-16x8-SPI-RGB-LED-Matrix\control_blocks\impl\gwsynthesis\control_blocks.vg" completed
[100%] Generate report file "C:\Users\phili\workspace\ch32v003-16x8-SPI-RGB-LED-Matrix\control_blocks\impl\gwsynthesis\control_blocks_syn.rpt.html" completed
GowinSynthesis finish
